{"/home/travis/build/IBM/node-sdk-core/dist/index.js": {"path":"/home/travis/build/IBM/node-sdk-core/dist/index.js","statementMap":{"0":{"start":{"line":18,"column":4},"end":{"line":18,"column":71}},"1":{"start":{"line":18,"column":21},"end":{"line":18,"column":71}},"2":{"start":{"line":18,"column":53},"end":{"line":18,"column":71}},"3":{"start":{"line":20,"column":0},"end":{"line":20,"column":62}},"4":{"start":{"line":24,"column":20},"end":{"line":24,"column":53}},"5":{"start":{"line":25,"column":0},"end":{"line":25,"column":38}},"6":{"start":{"line":26,"column":21},"end":{"line":26,"column":50}},"7":{"start":{"line":27,"column":0},"end":{"line":27,"column":49}},"8":{"start":{"line":28,"column":0},"end":{"line":28,"column":28}},"9":{"start":{"line":29,"column":0},"end":{"line":29,"column":34}},"10":{"start":{"line":30,"column":20},"end":{"line":30,"column":48}},"11":{"start":{"line":31,"column":0},"end":{"line":31,"column":35}},"12":{"start":{"line":32,"column":21},"end":{"line":32,"column":50}},"13":{"start":{"line":33,"column":0},"end":{"line":33,"column":45}},"14":{"start":{"line":34,"column":0},"end":{"line":34,"column":45}}},"fnMap":{"0":{"name":"__export","decl":{"start":{"line":17,"column":9},"end":{"line":17,"column":17}},"loc":{"start":{"line":17,"column":21},"end":{"line":19,"column":1}},"line":17}},"branchMap":{"0":{"loc":{"start":{"line":18,"column":21},"end":{"line":18,"column":71}},"type":"if","locations":[{"start":{"line":18,"column":21},"end":{"line":18,"column":71}},{"start":{"line":18,"column":21},"end":{"line":18,"column":71}}],"line":18}},"s":{"0":3,"1":33,"2":33,"3":1,"4":1,"5":1,"6":1,"7":1,"8":1,"9":1,"10":1,"11":1,"12":1,"13":1,"14":1},"f":{"0":3},"b":{"0":[33,0]},"_coverageSchema":"1a1c01bbd47fc00a2c39e90264f33305004495a9","hash":"2a7d423f5888ee3b0cc1be2a02d70403d8a2d141"}
,"/home/travis/build/IBM/node-sdk-core/dist/auth/index.js": {"path":"/home/travis/build/IBM/node-sdk-core/dist/auth/index.js","statementMap":{"0":{"start":{"line":18,"column":4},"end":{"line":18,"column":71}},"1":{"start":{"line":18,"column":21},"end":{"line":18,"column":71}},"2":{"start":{"line":18,"column":53},"end":{"line":18,"column":71}},"3":{"start":{"line":20,"column":0},"end":{"line":20,"column":62}},"4":{"start":{"line":21,"column":0},"end":{"line":21,"column":38}},"5":{"start":{"line":22,"column":0},"end":{"line":22,"column":38}},"6":{"start":{"line":23,"column":0},"end":{"line":23,"column":29}}},"fnMap":{"0":{"name":"__export","decl":{"start":{"line":17,"column":9},"end":{"line":17,"column":17}},"loc":{"start":{"line":17,"column":21},"end":{"line":19,"column":1}},"line":17}},"branchMap":{"0":{"loc":{"start":{"line":18,"column":21},"end":{"line":18,"column":71}},"type":"if","locations":[{"start":{"line":18,"column":21},"end":{"line":18,"column":71}},{"start":{"line":18,"column":21},"end":{"line":18,"column":71}}],"line":18}},"s":{"0":48,"1":320,"2":320,"3":16,"4":16,"5":16,"6":16},"f":{"0":48},"b":{"0":[320,0]},"_coverageSchema":"1a1c01bbd47fc00a2c39e90264f33305004495a9","hash":"222c48e978dcb1edc4b00336aaeb1129a33bbbff"}
,"/home/travis/build/IBM/node-sdk-core/dist/auth/authenticators/authenticator.js": {"path":"/home/travis/build/IBM/node-sdk-core/dist/auth/authenticators/authenticator.js","statementMap":{"0":{"start":{"line":3,"column":0},"end":{"line":3,"column":62}},"1":{"start":{"line":8,"column":35},"end":{"line":34,"column":3}},"2":{"start":{"line":16,"column":8},"end":{"line":18,"column":9}},"3":{"start":{"line":17,"column":12},"end":{"line":17,"column":95}},"4":{"start":{"line":29,"column":4},"end":{"line":32,"column":6}},"5":{"start":{"line":30,"column":20},"end":{"line":30,"column":67}},"6":{"start":{"line":31,"column":8},"end":{"line":31,"column":37}},"7":{"start":{"line":33,"column":4},"end":{"line":33,"column":25}},"8":{"start":{"line":35,"column":0},"end":{"line":35,"column":38}}},"fnMap":{"0":{"name":"(anonymous_0)","decl":{"start":{"line":8,"column":35},"end":{"line":8,"column":36}},"loc":{"start":{"line":8,"column":47},"end":{"line":34,"column":1}},"line":8},"1":{"name":"Authenticator","decl":{"start":{"line":15,"column":13},"end":{"line":15,"column":26}},"loc":{"start":{"line":15,"column":29},"end":{"line":19,"column":5}},"line":15},"2":{"name":"(anonymous_2)","decl":{"start":{"line":29,"column":43},"end":{"line":29,"column":44}},"loc":{"start":{"line":29,"column":69},"end":{"line":32,"column":5}},"line":29}},"branchMap":{"0":{"loc":{"start":{"line":16,"column":8},"end":{"line":18,"column":9}},"type":"if","locations":[{"start":{"line":16,"column":8},"end":{"line":18,"column":9}},{"start":{"line":16,"column":8},"end":{"line":18,"column":9}}],"line":16}},"s":{"0":17,"1":17,"2":43,"3":1,"4":17,"5":0,"6":0,"7":17,"8":17},"f":{"0":17,"1":43,"2":0},"b":{"0":[1,42]},"_coverageSchema":"1a1c01bbd47fc00a2c39e90264f33305004495a9","hash":"3e3f286e5b30bf94183d3bef257aeb01139323fb"}
,"/home/travis/build/IBM/node-sdk-core/dist/auth/authenticators/basic-authenticator.js": {"path":"/home/travis/build/IBM/node-sdk-core/dist/auth/authenticators/basic-authenticator.js","statementMap":{"0":{"start":{"line":17,"column":16},"end":{"line":29,"column":4}},"1":{"start":{"line":18,"column":24},"end":{"line":23,"column":5}},"2":{"start":{"line":19,"column":8},"end":{"line":21,"column":87}},"3":{"start":{"line":20,"column":69},"end":{"line":20,"column":85}},"4":{"start":{"line":21,"column":30},"end":{"line":21,"column":84}},"5":{"start":{"line":21,"column":47},"end":{"line":21,"column":84}},"6":{"start":{"line":21,"column":72},"end":{"line":21,"column":84}},"7":{"start":{"line":22,"column":8},"end":{"line":22,"column":35}},"8":{"start":{"line":24,"column":4},"end":{"line":28,"column":6}},"9":{"start":{"line":25,"column":8},"end":{"line":25,"column":28}},"10":{"start":{"line":26,"column":24},"end":{"line":26,"column":45}},"11":{"start":{"line":27,"column":8},"end":{"line":27,"column":93}},"12":{"start":{"line":30,"column":0},"end":{"line":30,"column":62}},"13":{"start":{"line":31,"column":13},"end":{"line":31,"column":30}},"14":{"start":{"line":32,"column":14},"end":{"line":32,"column":33}},"15":{"start":{"line":33,"column":22},"end":{"line":33,"column":48}},"16":{"start":{"line":43,"column":40},"end":{"line":80,"column":32}},"17":{"start":{"line":44,"column":4},"end":{"line":44,"column":42}},"18":{"start":{"line":54,"column":20},"end":{"line":54,"column":45}},"19":{"start":{"line":55,"column":8},"end":{"line":55,"column":57}},"20":{"start":{"line":56,"column":8},"end":{"line":56,"column":62}},"21":{"start":{"line":57,"column":23},"end":{"line":57,"column":39}},"22":{"start":{"line":57,"column":52},"end":{"line":57,"column":68}},"23":{"start":{"line":58,"column":31},"end":{"line":58,"column":81}},"24":{"start":{"line":59,"column":8},"end":{"line":59,"column":63}},"25":{"start":{"line":60,"column":8},"end":{"line":60,"column":21}},"26":{"start":{"line":72,"column":4},"end":{"line":78,"column":6}},"27":{"start":{"line":73,"column":20},"end":{"line":73,"column":24}},"28":{"start":{"line":74,"column":8},"end":{"line":77,"column":11}},"29":{"start":{"line":75,"column":12},"end":{"line":75,"column":96}},"30":{"start":{"line":76,"column":12},"end":{"line":76,"column":22}},"31":{"start":{"line":79,"column":4},"end":{"line":79,"column":30}},"32":{"start":{"line":81,"column":0},"end":{"line":81,"column":48}}},"fnMap":{"0":{"name":"(anonymous_0)","decl":{"start":{"line":17,"column":45},"end":{"line":17,"column":46}},"loc":{"start":{"line":17,"column":57},"end":{"line":29,"column":1}},"line":17},"1":{"name":"(anonymous_1)","decl":{"start":{"line":18,"column":24},"end":{"line":18,"column":25}},"loc":{"start":{"line":18,"column":40},"end":{"line":23,"column":5}},"line":18},"2":{"name":"(anonymous_2)","decl":{"start":{"line":20,"column":51},"end":{"line":20,"column":52}},"loc":{"start":{"line":20,"column":67},"end":{"line":20,"column":87}},"line":20},"3":{"name":"(anonymous_3)","decl":{"start":{"line":21,"column":12},"end":{"line":21,"column":13}},"loc":{"start":{"line":21,"column":28},"end":{"line":21,"column":86}},"line":21},"4":{"name":"(anonymous_4)","decl":{"start":{"line":24,"column":11},"end":{"line":24,"column":12}},"loc":{"start":{"line":24,"column":27},"end":{"line":28,"column":5}},"line":24},"5":{"name":"__","decl":{"start":{"line":26,"column":17},"end":{"line":26,"column":19}},"loc":{"start":{"line":26,"column":22},"end":{"line":26,"column":47}},"line":26},"6":{"name":"(anonymous_6)","decl":{"start":{"line":43,"column":40},"end":{"line":43,"column":41}},"loc":{"start":{"line":43,"column":58},"end":{"line":80,"column":1}},"line":43},"7":{"name":"BasicAuthenticator","decl":{"start":{"line":53,"column":13},"end":{"line":53,"column":31}},"loc":{"start":{"line":53,"column":41},"end":{"line":61,"column":5}},"line":53},"8":{"name":"(anonymous_8)","decl":{"start":{"line":72,"column":48},"end":{"line":72,"column":49}},"loc":{"start":{"line":72,"column":74},"end":{"line":78,"column":5}},"line":72},"9":{"name":"(anonymous_9)","decl":{"start":{"line":74,"column":27},"end":{"line":74,"column":28}},"loc":{"start":{"line":74,"column":46},"end":{"line":77,"column":9}},"line":74}},"branchMap":{"0":{"loc":{"start":{"line":17,"column":16},"end":{"line":29,"column":4}},"type":"binary-expr","locations":[{"start":{"line":17,"column":17},"end":{"line":17,"column":21}},{"start":{"line":17,"column":25},"end":{"line":17,"column":39}},{"start":{"line":17,"column":44},"end":{"line":29,"column":4}}],"line":17},"1":{"loc":{"start":{"line":19,"column":24},"end":{"line":21,"column":86}},"type":"binary-expr","locations":[{"start":{"line":19,"column":24},"end":{"line":19,"column":45}},{"start":{"line":20,"column":13},"end":{"line":20,"column":47}},{"start":{"line":20,"column":51},"end":{"line":20,"column":87}},{"start":{"line":21,"column":12},"end":{"line":21,"column":86}}],"line":19},"2":{"loc":{"start":{"line":21,"column":47},"end":{"line":21,"column":84}},"type":"if","locations":[{"start":{"line":21,"column":47},"end":{"line":21,"column":84}},{"start":{"line":21,"column":47},"end":{"line":21,"column":84}}],"line":21},"3":{"loc":{"start":{"line":27,"column":22},"end":{"line":27,"column":92}},"type":"cond-expr","locations":[{"start":{"line":27,"column":35},"end":{"line":27,"column":51}},{"start":{"line":27,"column":55},"end":{"line":27,"column":91}}],"line":27},"4":{"loc":{"start":{"line":54,"column":20},"end":{"line":54,"column":45}},"type":"binary-expr","locations":[{"start":{"line":54,"column":20},"end":{"line":54,"column":37}},{"start":{"line":54,"column":41},"end":{"line":54,"column":45}}],"line":54}},"s":{"0":16,"1":16,"2":16,"3":0,"4":0,"5":0,"6":0,"7":16,"8":16,"9":16,"10":16,"11":16,"12":16,"13":16,"14":16,"15":16,"16":16,"17":16,"18":7,"19":7,"20":7,"21":3,"22":3,"23":3,"24":3,"25":3,"26":16,"27":1,"28":1,"29":1,"30":1,"31":16,"32":16},"f":{"0":16,"1":16,"2":0,"3":0,"4":16,"5":16,"6":16,"7":7,"8":1,"9":1},"b":{"0":[16,16,16],"1":[16,0,0,0],"2":[0,0],"3":[0,16],"4":[7,7]},"_coverageSchema":"1a1c01bbd47fc00a2c39e90264f33305004495a9","hash":"58cfa29990ffef0f62911a085e97d656775422ed"}
,"/home/travis/build/IBM/node-sdk-core/dist/auth/authenticators/bearer-token-authenticator.js": {"path":"/home/travis/build/IBM/node-sdk-core/dist/auth/authenticators/bearer-token-authenticator.js","statementMap":{"0":{"start":{"line":17,"column":16},"end":{"line":29,"column":4}},"1":{"start":{"line":18,"column":24},"end":{"line":23,"column":5}},"2":{"start":{"line":19,"column":8},"end":{"line":21,"column":87}},"3":{"start":{"line":20,"column":69},"end":{"line":20,"column":85}},"4":{"start":{"line":21,"column":30},"end":{"line":21,"column":84}},"5":{"start":{"line":21,"column":47},"end":{"line":21,"column":84}},"6":{"start":{"line":21,"column":72},"end":{"line":21,"column":84}},"7":{"start":{"line":22,"column":8},"end":{"line":22,"column":35}},"8":{"start":{"line":24,"column":4},"end":{"line":28,"column":6}},"9":{"start":{"line":25,"column":8},"end":{"line":25,"column":28}},"10":{"start":{"line":26,"column":24},"end":{"line":26,"column":45}},"11":{"start":{"line":27,"column":8},"end":{"line":27,"column":93}},"12":{"start":{"line":30,"column":0},"end":{"line":30,"column":62}},"13":{"start":{"line":31,"column":13},"end":{"line":31,"column":30}},"14":{"start":{"line":32,"column":14},"end":{"line":32,"column":33}},"15":{"start":{"line":33,"column":22},"end":{"line":33,"column":48}},"16":{"start":{"line":42,"column":46},"end":{"line":88,"column":32}},"17":{"start":{"line":43,"column":4},"end":{"line":43,"column":48}},"18":{"start":{"line":53,"column":20},"end":{"line":53,"column":45}},"19":{"start":{"line":54,"column":8},"end":{"line":54,"column":48}},"20":{"start":{"line":55,"column":8},"end":{"line":55,"column":62}},"21":{"start":{"line":56,"column":8},"end":{"line":56,"column":48}},"22":{"start":{"line":57,"column":8},"end":{"line":57,"column":21}},"23":{"start":{"line":65,"column":4},"end":{"line":67,"column":6}},"24":{"start":{"line":66,"column":8},"end":{"line":66,"column":39}},"25":{"start":{"line":79,"column":4},"end":{"line":86,"column":6}},"26":{"start":{"line":80,"column":20},"end":{"line":80,"column":24}},"27":{"start":{"line":81,"column":8},"end":{"line":85,"column":11}},"28":{"start":{"line":82,"column":29},"end":{"line":82,"column":77}},"29":{"start":{"line":83,"column":12},"end":{"line":83,"column":90}},"30":{"start":{"line":84,"column":12},"end":{"line":84,"column":22}},"31":{"start":{"line":87,"column":4},"end":{"line":87,"column":36}},"32":{"start":{"line":89,"column":0},"end":{"line":89,"column":60}}},"fnMap":{"0":{"name":"(anonymous_0)","decl":{"start":{"line":17,"column":45},"end":{"line":17,"column":46}},"loc":{"start":{"line":17,"column":57},"end":{"line":29,"column":1}},"line":17},"1":{"name":"(anonymous_1)","decl":{"start":{"line":18,"column":24},"end":{"line":18,"column":25}},"loc":{"start":{"line":18,"column":40},"end":{"line":23,"column":5}},"line":18},"2":{"name":"(anonymous_2)","decl":{"start":{"line":20,"column":51},"end":{"line":20,"column":52}},"loc":{"start":{"line":20,"column":67},"end":{"line":20,"column":87}},"line":20},"3":{"name":"(anonymous_3)","decl":{"start":{"line":21,"column":12},"end":{"line":21,"column":13}},"loc":{"start":{"line":21,"column":28},"end":{"line":21,"column":86}},"line":21},"4":{"name":"(anonymous_4)","decl":{"start":{"line":24,"column":11},"end":{"line":24,"column":12}},"loc":{"start":{"line":24,"column":27},"end":{"line":28,"column":5}},"line":24},"5":{"name":"__","decl":{"start":{"line":26,"column":17},"end":{"line":26,"column":19}},"loc":{"start":{"line":26,"column":22},"end":{"line":26,"column":47}},"line":26},"6":{"name":"(anonymous_6)","decl":{"start":{"line":42,"column":46},"end":{"line":42,"column":47}},"loc":{"start":{"line":42,"column":64},"end":{"line":88,"column":1}},"line":42},"7":{"name":"BearerTokenAuthenticator","decl":{"start":{"line":52,"column":13},"end":{"line":52,"column":37}},"loc":{"start":{"line":52,"column":47},"end":{"line":58,"column":5}},"line":52},"8":{"name":"(anonymous_8)","decl":{"start":{"line":65,"column":56},"end":{"line":65,"column":57}},"loc":{"start":{"line":65,"column":79},"end":{"line":67,"column":5}},"line":65},"9":{"name":"(anonymous_9)","decl":{"start":{"line":79,"column":54},"end":{"line":79,"column":55}},"loc":{"start":{"line":79,"column":80},"end":{"line":86,"column":5}},"line":79},"10":{"name":"(anonymous_10)","decl":{"start":{"line":81,"column":27},"end":{"line":81,"column":28}},"loc":{"start":{"line":81,"column":46},"end":{"line":85,"column":9}},"line":81}},"branchMap":{"0":{"loc":{"start":{"line":17,"column":16},"end":{"line":29,"column":4}},"type":"binary-expr","locations":[{"start":{"line":17,"column":17},"end":{"line":17,"column":21}},{"start":{"line":17,"column":25},"end":{"line":17,"column":39}},{"start":{"line":17,"column":44},"end":{"line":29,"column":4}}],"line":17},"1":{"loc":{"start":{"line":19,"column":24},"end":{"line":21,"column":86}},"type":"binary-expr","locations":[{"start":{"line":19,"column":24},"end":{"line":19,"column":45}},{"start":{"line":20,"column":13},"end":{"line":20,"column":47}},{"start":{"line":20,"column":51},"end":{"line":20,"column":87}},{"start":{"line":21,"column":12},"end":{"line":21,"column":86}}],"line":19},"2":{"loc":{"start":{"line":21,"column":47},"end":{"line":21,"column":84}},"type":"if","locations":[{"start":{"line":21,"column":47},"end":{"line":21,"column":84}},{"start":{"line":21,"column":47},"end":{"line":21,"column":84}}],"line":21},"3":{"loc":{"start":{"line":27,"column":22},"end":{"line":27,"column":92}},"type":"cond-expr","locations":[{"start":{"line":27,"column":35},"end":{"line":27,"column":51}},{"start":{"line":27,"column":55},"end":{"line":27,"column":91}}],"line":27},"4":{"loc":{"start":{"line":53,"column":20},"end":{"line":53,"column":45}},"type":"binary-expr","locations":[{"start":{"line":53,"column":20},"end":{"line":53,"column":37}},{"start":{"line":53,"column":41},"end":{"line":53,"column":45}}],"line":53}},"s":{"0":16,"1":16,"2":16,"3":0,"4":0,"5":0,"6":0,"7":16,"8":16,"9":16,"10":16,"11":16,"12":16,"13":16,"14":16,"15":16,"16":16,"17":16,"18":5,"19":5,"20":5,"21":4,"22":4,"23":16,"24":1,"25":16,"26":1,"27":1,"28":1,"29":1,"30":1,"31":16,"32":16},"f":{"0":16,"1":16,"2":0,"3":0,"4":16,"5":16,"6":16,"7":5,"8":1,"9":1,"10":1},"b":{"0":[16,16,16],"1":[16,0,0,0],"2":[0,0],"3":[0,16],"4":[5,5]},"_coverageSchema":"1a1c01bbd47fc00a2c39e90264f33305004495a9","hash":"4aef9b358960f66aa25f74410adbb973e0c3a6c5"}
,"/home/travis/build/IBM/node-sdk-core/dist/auth/authenticators/cloud-pak-for-data-authenticator.js": {"path":"/home/travis/build/IBM/node-sdk-core/dist/auth/authenticators/cloud-pak-for-data-authenticator.js","statementMap":{"0":{"start":{"line":17,"column":16},"end":{"line":29,"column":4}},"1":{"start":{"line":18,"column":24},"end":{"line":23,"column":5}},"2":{"start":{"line":19,"column":8},"end":{"line":21,"column":87}},"3":{"start":{"line":20,"column":69},"end":{"line":20,"column":85}},"4":{"start":{"line":21,"column":30},"end":{"line":21,"column":84}},"5":{"start":{"line":21,"column":47},"end":{"line":21,"column":84}},"6":{"start":{"line":21,"column":72},"end":{"line":21,"column":84}},"7":{"start":{"line":22,"column":8},"end":{"line":22,"column":35}},"8":{"start":{"line":24,"column":4},"end":{"line":28,"column":6}},"9":{"start":{"line":25,"column":8},"end":{"line":25,"column":28}},"10":{"start":{"line":26,"column":24},"end":{"line":26,"column":45}},"11":{"start":{"line":27,"column":8},"end":{"line":27,"column":93}},"12":{"start":{"line":30,"column":0},"end":{"line":30,"column":62}},"13":{"start":{"line":31,"column":23},"end":{"line":31,"column":51}},"14":{"start":{"line":32,"column":42},"end":{"line":32,"column":88}},"15":{"start":{"line":41,"column":50},"end":{"line":71,"column":69}},"16":{"start":{"line":42,"column":4},"end":{"line":42,"column":52}},"17":{"start":{"line":59,"column":20},"end":{"line":59,"column":54}},"18":{"start":{"line":60,"column":8},"end":{"line":60,"column":52}},"19":{"start":{"line":61,"column":8},"end":{"line":61,"column":42}},"20":{"start":{"line":62,"column":8},"end":{"line":62,"column":42}},"21":{"start":{"line":63,"column":8},"end":{"line":63,"column":38}},"22":{"start":{"line":67,"column":8},"end":{"line":67,"column":76}},"23":{"start":{"line":68,"column":8},"end":{"line":68,"column":21}},"24":{"start":{"line":70,"column":4},"end":{"line":70,"column":40}},"25":{"start":{"line":72,"column":0},"end":{"line":72,"column":68}}},"fnMap":{"0":{"name":"(anonymous_0)","decl":{"start":{"line":17,"column":45},"end":{"line":17,"column":46}},"loc":{"start":{"line":17,"column":57},"end":{"line":29,"column":1}},"line":17},"1":{"name":"(anonymous_1)","decl":{"start":{"line":18,"column":24},"end":{"line":18,"column":25}},"loc":{"start":{"line":18,"column":40},"end":{"line":23,"column":5}},"line":18},"2":{"name":"(anonymous_2)","decl":{"start":{"line":20,"column":51},"end":{"line":20,"column":52}},"loc":{"start":{"line":20,"column":67},"end":{"line":20,"column":87}},"line":20},"3":{"name":"(anonymous_3)","decl":{"start":{"line":21,"column":12},"end":{"line":21,"column":13}},"loc":{"start":{"line":21,"column":28},"end":{"line":21,"column":86}},"line":21},"4":{"name":"(anonymous_4)","decl":{"start":{"line":24,"column":11},"end":{"line":24,"column":12}},"loc":{"start":{"line":24,"column":27},"end":{"line":28,"column":5}},"line":24},"5":{"name":"__","decl":{"start":{"line":26,"column":17},"end":{"line":26,"column":19}},"loc":{"start":{"line":26,"column":22},"end":{"line":26,"column":47}},"line":26},"6":{"name":"(anonymous_6)","decl":{"start":{"line":41,"column":50},"end":{"line":41,"column":51}},"loc":{"start":{"line":41,"column":68},"end":{"line":71,"column":1}},"line":41},"7":{"name":"CloudPakForDataAuthenticator","decl":{"start":{"line":58,"column":13},"end":{"line":58,"column":41}},"loc":{"start":{"line":58,"column":51},"end":{"line":69,"column":5}},"line":58}},"branchMap":{"0":{"loc":{"start":{"line":17,"column":16},"end":{"line":29,"column":4}},"type":"binary-expr","locations":[{"start":{"line":17,"column":17},"end":{"line":17,"column":21}},{"start":{"line":17,"column":25},"end":{"line":17,"column":39}},{"start":{"line":17,"column":44},"end":{"line":29,"column":4}}],"line":17},"1":{"loc":{"start":{"line":19,"column":24},"end":{"line":21,"column":86}},"type":"binary-expr","locations":[{"start":{"line":19,"column":24},"end":{"line":19,"column":45}},{"start":{"line":20,"column":13},"end":{"line":20,"column":47}},{"start":{"line":20,"column":51},"end":{"line":20,"column":87}},{"start":{"line":21,"column":12},"end":{"line":21,"column":86}}],"line":19},"2":{"loc":{"start":{"line":21,"column":47},"end":{"line":21,"column":84}},"type":"if","locations":[{"start":{"line":21,"column":47},"end":{"line":21,"column":84}},{"start":{"line":21,"column":47},"end":{"line":21,"column":84}}],"line":21},"3":{"loc":{"start":{"line":27,"column":22},"end":{"line":27,"column":92}},"type":"cond-expr","locations":[{"start":{"line":27,"column":35},"end":{"line":27,"column":51}},{"start":{"line":27,"column":55},"end":{"line":27,"column":91}}],"line":27},"4":{"loc":{"start":{"line":59,"column":20},"end":{"line":59,"column":54}},"type":"binary-expr","locations":[{"start":{"line":59,"column":20},"end":{"line":59,"column":46}},{"start":{"line":59,"column":50},"end":{"line":59,"column":54}}],"line":59}},"s":{"0":16,"1":16,"2":16,"3":0,"4":0,"5":0,"6":0,"7":16,"8":16,"9":16,"10":16,"11":16,"12":16,"13":16,"14":16,"15":16,"16":16,"17":13,"18":13,"19":13,"20":13,"21":13,"22":13,"23":6,"24":16,"25":16},"f":{"0":16,"1":16,"2":0,"3":0,"4":16,"5":16,"6":16,"7":13},"b":{"0":[16,16,16],"1":[16,0,0,0],"2":[0,0],"3":[0,16],"4":[13,0]},"_coverageSchema":"1a1c01bbd47fc00a2c39e90264f33305004495a9","hash":"cfe0446d43701c7e8cdfa9725d7e73c84b3f865f"}
,"/home/travis/build/IBM/node-sdk-core/dist/auth/authenticators/iam-authenticator.js": {"path":"/home/travis/build/IBM/node-sdk-core/dist/auth/authenticators/iam-authenticator.js","statementMap":{"0":{"start":{"line":17,"column":16},"end":{"line":29,"column":4}},"1":{"start":{"line":18,"column":24},"end":{"line":23,"column":5}},"2":{"start":{"line":19,"column":8},"end":{"line":21,"column":87}},"3":{"start":{"line":20,"column":69},"end":{"line":20,"column":85}},"4":{"start":{"line":21,"column":30},"end":{"line":21,"column":84}},"5":{"start":{"line":21,"column":47},"end":{"line":21,"column":84}},"6":{"start":{"line":21,"column":72},"end":{"line":21,"column":84}},"7":{"start":{"line":22,"column":8},"end":{"line":22,"column":35}},"8":{"start":{"line":24,"column":4},"end":{"line":28,"column":6}},"9":{"start":{"line":25,"column":8},"end":{"line":25,"column":28}},"10":{"start":{"line":26,"column":24},"end":{"line":26,"column":45}},"11":{"start":{"line":27,"column":8},"end":{"line":27,"column":93}},"12":{"start":{"line":30,"column":0},"end":{"line":30,"column":62}},"13":{"start":{"line":31,"column":23},"end":{"line":31,"column":51}},"14":{"start":{"line":32,"column":14},"end":{"line":32,"column":33}},"15":{"start":{"line":33,"column":42},"end":{"line":33,"column":88}},"16":{"start":{"line":45,"column":38},"end":{"line":111,"column":69}},"17":{"start":{"line":46,"column":4},"end":{"line":46,"column":40}},"18":{"start":{"line":67,"column":20},"end":{"line":67,"column":54}},"19":{"start":{"line":68,"column":8},"end":{"line":68,"column":43}},"20":{"start":{"line":69,"column":8},"end":{"line":69,"column":62}},"21":{"start":{"line":70,"column":8},"end":{"line":70,"column":38}},"22":{"start":{"line":71,"column":8},"end":{"line":71,"column":42}},"23":{"start":{"line":72,"column":8},"end":{"line":72,"column":50}},"24":{"start":{"line":73,"column":8},"end":{"line":73,"column":36}},"25":{"start":{"line":76,"column":8},"end":{"line":76,"column":75}},"26":{"start":{"line":77,"column":8},"end":{"line":77,"column":21}},"27":{"start":{"line":86,"column":4},"end":{"line":91,"column":6}},"28":{"start":{"line":87,"column":8},"end":{"line":87,"column":33}},"29":{"start":{"line":88,"column":8},"end":{"line":88,"column":41}},"30":{"start":{"line":90,"column":8},"end":{"line":90,"column":71}},"31":{"start":{"line":96,"column":4},"end":{"line":100,"column":6}},"32":{"start":{"line":97,"column":8},"end":{"line":97,"column":27}},"33":{"start":{"line":99,"column":8},"end":{"line":99,"column":42}},"34":{"start":{"line":107,"column":4},"end":{"line":109,"column":6}},"35":{"start":{"line":108,"column":8},"end":{"line":108,"column":51}},"36":{"start":{"line":110,"column":4},"end":{"line":110,"column":28}},"37":{"start":{"line":112,"column":0},"end":{"line":112,"column":44}}},"fnMap":{"0":{"name":"(anonymous_0)","decl":{"start":{"line":17,"column":45},"end":{"line":17,"column":46}},"loc":{"start":{"line":17,"column":57},"end":{"line":29,"column":1}},"line":17},"1":{"name":"(anonymous_1)","decl":{"start":{"line":18,"column":24},"end":{"line":18,"column":25}},"loc":{"start":{"line":18,"column":40},"end":{"line":23,"column":5}},"line":18},"2":{"name":"(anonymous_2)","decl":{"start":{"line":20,"column":51},"end":{"line":20,"column":52}},"loc":{"start":{"line":20,"column":67},"end":{"line":20,"column":87}},"line":20},"3":{"name":"(anonymous_3)","decl":{"start":{"line":21,"column":12},"end":{"line":21,"column":13}},"loc":{"start":{"line":21,"column":28},"end":{"line":21,"column":86}},"line":21},"4":{"name":"(anonymous_4)","decl":{"start":{"line":24,"column":11},"end":{"line":24,"column":12}},"loc":{"start":{"line":24,"column":27},"end":{"line":28,"column":5}},"line":24},"5":{"name":"__","decl":{"start":{"line":26,"column":17},"end":{"line":26,"column":19}},"loc":{"start":{"line":26,"column":22},"end":{"line":26,"column":47}},"line":26},"6":{"name":"(anonymous_6)","decl":{"start":{"line":45,"column":38},"end":{"line":45,"column":39}},"loc":{"start":{"line":45,"column":56},"end":{"line":111,"column":1}},"line":45},"7":{"name":"IamAuthenticator","decl":{"start":{"line":66,"column":13},"end":{"line":66,"column":29}},"loc":{"start":{"line":66,"column":39},"end":{"line":78,"column":5}},"line":66},"8":{"name":"(anonymous_8)","decl":{"start":{"line":86,"column":54},"end":{"line":86,"column":55}},"loc":{"start":{"line":86,"column":88},"end":{"line":91,"column":5}},"line":86},"9":{"name":"(anonymous_9)","decl":{"start":{"line":96,"column":42},"end":{"line":96,"column":43}},"loc":{"start":{"line":96,"column":59},"end":{"line":100,"column":5}},"line":96},"10":{"name":"(anonymous_10)","decl":{"start":{"line":107,"column":49},"end":{"line":107,"column":50}},"loc":{"start":{"line":107,"column":61},"end":{"line":109,"column":5}},"line":107}},"branchMap":{"0":{"loc":{"start":{"line":17,"column":16},"end":{"line":29,"column":4}},"type":"binary-expr","locations":[{"start":{"line":17,"column":17},"end":{"line":17,"column":21}},{"start":{"line":17,"column":25},"end":{"line":17,"column":39}},{"start":{"line":17,"column":44},"end":{"line":29,"column":4}}],"line":17},"1":{"loc":{"start":{"line":19,"column":24},"end":{"line":21,"column":86}},"type":"binary-expr","locations":[{"start":{"line":19,"column":24},"end":{"line":19,"column":45}},{"start":{"line":20,"column":13},"end":{"line":20,"column":47}},{"start":{"line":20,"column":51},"end":{"line":20,"column":87}},{"start":{"line":21,"column":12},"end":{"line":21,"column":86}}],"line":19},"2":{"loc":{"start":{"line":21,"column":47},"end":{"line":21,"column":84}},"type":"if","locations":[{"start":{"line":21,"column":47},"end":{"line":21,"column":84}},{"start":{"line":21,"column":47},"end":{"line":21,"column":84}}],"line":21},"3":{"loc":{"start":{"line":27,"column":22},"end":{"line":27,"column":92}},"type":"cond-expr","locations":[{"start":{"line":27,"column":35},"end":{"line":27,"column":51}},{"start":{"line":27,"column":55},"end":{"line":27,"column":91}}],"line":27},"4":{"loc":{"start":{"line":67,"column":20},"end":{"line":67,"column":54}},"type":"binary-expr","locations":[{"start":{"line":67,"column":20},"end":{"line":67,"column":46}},{"start":{"line":67,"column":50},"end":{"line":67,"column":54}}],"line":67}},"s":{"0":16,"1":16,"2":16,"3":0,"4":0,"5":0,"6":0,"7":16,"8":16,"9":16,"10":16,"11":16,"12":16,"13":16,"14":16,"15":16,"16":16,"17":16,"18":12,"19":11,"20":11,"21":10,"22":10,"23":10,"24":10,"25":10,"26":10,"27":16,"28":1,"29":1,"30":1,"31":16,"32":1,"33":1,"34":16,"35":0,"36":16,"37":16},"f":{"0":16,"1":16,"2":0,"3":0,"4":16,"5":16,"6":16,"7":12,"8":1,"9":1,"10":0},"b":{"0":[16,16,16],"1":[16,0,0,0],"2":[0,0],"3":[0,16],"4":[12,0]},"_coverageSchema":"1a1c01bbd47fc00a2c39e90264f33305004495a9","hash":"8eb2d95fac7238b8f73eab8f4895d4fe2be3c20c"}
,"/home/travis/build/IBM/node-sdk-core/dist/auth/authenticators/index.js": {"path":"/home/travis/build/IBM/node-sdk-core/dist/auth/authenticators/index.js","statementMap":{"0":{"start":{"line":17,"column":0},"end":{"line":17,"column":62}},"1":{"start":{"line":18,"column":22},"end":{"line":18,"column":48}},"2":{"start":{"line":19,"column":0},"end":{"line":19,"column":54}},"3":{"start":{"line":20,"column":28},"end":{"line":20,"column":60}},"4":{"start":{"line":21,"column":0},"end":{"line":21,"column":70}},"5":{"start":{"line":22,"column":35},"end":{"line":22,"column":74}},"6":{"start":{"line":23,"column":0},"end":{"line":23,"column":89}},"7":{"start":{"line":24,"column":41},"end":{"line":24,"column":86}},"8":{"start":{"line":25,"column":0},"end":{"line":25,"column":103}},"9":{"start":{"line":26,"column":26},"end":{"line":26,"column":56}},"10":{"start":{"line":27,"column":0},"end":{"line":27,"column":64}},"11":{"start":{"line":28,"column":30},"end":{"line":28,"column":64}},"12":{"start":{"line":29,"column":0},"end":{"line":29,"column":74}},"13":{"start":{"line":30,"column":42},"end":{"line":30,"column":88}},"14":{"start":{"line":31,"column":0},"end":{"line":31,"column":108}}},"fnMap":{},"branchMap":{},"s":{"0":16,"1":16,"2":16,"3":16,"4":16,"5":16,"6":16,"7":16,"8":16,"9":16,"10":16,"11":16,"12":16,"13":16,"14":16},"f":{},"b":{},"_coverageSchema":"1a1c01bbd47fc00a2c39e90264f33305004495a9","hash":"2807e63669e39538ffd403ffd0b3058fbc042c2f"}
,"/home/travis/build/IBM/node-sdk-core/dist/auth/authenticators/no-auth-authenticator.js": {"path":"/home/travis/build/IBM/node-sdk-core/dist/auth/authenticators/no-auth-authenticator.js","statementMap":{"0":{"start":{"line":3,"column":16},"end":{"line":15,"column":4}},"1":{"start":{"line":4,"column":24},"end":{"line":9,"column":5}},"2":{"start":{"line":5,"column":8},"end":{"line":7,"column":87}},"3":{"start":{"line":6,"column":69},"end":{"line":6,"column":85}},"4":{"start":{"line":7,"column":30},"end":{"line":7,"column":84}},"5":{"start":{"line":7,"column":47},"end":{"line":7,"column":84}},"6":{"start":{"line":7,"column":72},"end":{"line":7,"column":84}},"7":{"start":{"line":8,"column":8},"end":{"line":8,"column":35}},"8":{"start":{"line":10,"column":4},"end":{"line":14,"column":6}},"9":{"start":{"line":11,"column":8},"end":{"line":11,"column":28}},"10":{"start":{"line":12,"column":24},"end":{"line":12,"column":45}},"11":{"start":{"line":13,"column":8},"end":{"line":13,"column":93}},"12":{"start":{"line":16,"column":0},"end":{"line":16,"column":62}},"13":{"start":{"line":32,"column":22},"end":{"line":32,"column":48}},"14":{"start":{"line":38,"column":41},"end":{"line":48,"column":32}},"15":{"start":{"line":39,"column":4},"end":{"line":39,"column":43}},"16":{"start":{"line":41,"column":8},"end":{"line":41,"column":72}},"17":{"start":{"line":43,"column":4},"end":{"line":46,"column":6}},"18":{"start":{"line":45,"column":8},"end":{"line":45,"column":33}},"19":{"start":{"line":47,"column":4},"end":{"line":47,"column":31}},"20":{"start":{"line":49,"column":0},"end":{"line":49,"column":50}}},"fnMap":{"0":{"name":"(anonymous_0)","decl":{"start":{"line":3,"column":45},"end":{"line":3,"column":46}},"loc":{"start":{"line":3,"column":57},"end":{"line":15,"column":1}},"line":3},"1":{"name":"(anonymous_1)","decl":{"start":{"line":4,"column":24},"end":{"line":4,"column":25}},"loc":{"start":{"line":4,"column":40},"end":{"line":9,"column":5}},"line":4},"2":{"name":"(anonymous_2)","decl":{"start":{"line":6,"column":51},"end":{"line":6,"column":52}},"loc":{"start":{"line":6,"column":67},"end":{"line":6,"column":87}},"line":6},"3":{"name":"(anonymous_3)","decl":{"start":{"line":7,"column":12},"end":{"line":7,"column":13}},"loc":{"start":{"line":7,"column":28},"end":{"line":7,"column":86}},"line":7},"4":{"name":"(anonymous_4)","decl":{"start":{"line":10,"column":11},"end":{"line":10,"column":12}},"loc":{"start":{"line":10,"column":27},"end":{"line":14,"column":5}},"line":10},"5":{"name":"__","decl":{"start":{"line":12,"column":17},"end":{"line":12,"column":19}},"loc":{"start":{"line":12,"column":22},"end":{"line":12,"column":47}},"line":12},"6":{"name":"(anonymous_6)","decl":{"start":{"line":38,"column":41},"end":{"line":38,"column":42}},"loc":{"start":{"line":38,"column":59},"end":{"line":48,"column":1}},"line":38},"7":{"name":"NoAuthAuthenticator","decl":{"start":{"line":40,"column":13},"end":{"line":40,"column":32}},"loc":{"start":{"line":40,"column":35},"end":{"line":42,"column":5}},"line":40},"8":{"name":"(anonymous_8)","decl":{"start":{"line":43,"column":49},"end":{"line":43,"column":50}},"loc":{"start":{"line":43,"column":75},"end":{"line":46,"column":5}},"line":43}},"branchMap":{"0":{"loc":{"start":{"line":3,"column":16},"end":{"line":15,"column":4}},"type":"binary-expr","locations":[{"start":{"line":3,"column":17},"end":{"line":3,"column":21}},{"start":{"line":3,"column":25},"end":{"line":3,"column":39}},{"start":{"line":3,"column":44},"end":{"line":15,"column":4}}],"line":3},"1":{"loc":{"start":{"line":5,"column":24},"end":{"line":7,"column":86}},"type":"binary-expr","locations":[{"start":{"line":5,"column":24},"end":{"line":5,"column":45}},{"start":{"line":6,"column":13},"end":{"line":6,"column":47}},{"start":{"line":6,"column":51},"end":{"line":6,"column":87}},{"start":{"line":7,"column":12},"end":{"line":7,"column":86}}],"line":5},"2":{"loc":{"start":{"line":7,"column":47},"end":{"line":7,"column":84}},"type":"if","locations":[{"start":{"line":7,"column":47},"end":{"line":7,"column":84}},{"start":{"line":7,"column":47},"end":{"line":7,"column":84}}],"line":7},"3":{"loc":{"start":{"line":13,"column":22},"end":{"line":13,"column":92}},"type":"cond-expr","locations":[{"start":{"line":13,"column":35},"end":{"line":13,"column":51}},{"start":{"line":13,"column":55},"end":{"line":13,"column":91}}],"line":13},"4":{"loc":{"start":{"line":41,"column":15},"end":{"line":41,"column":71}},"type":"binary-expr","locations":[{"start":{"line":41,"column":15},"end":{"line":41,"column":30}},{"start":{"line":41,"column":34},"end":{"line":41,"column":63}},{"start":{"line":41,"column":67},"end":{"line":41,"column":71}}],"line":41}},"s":{"0":16,"1":16,"2":16,"3":0,"4":0,"5":0,"6":0,"7":16,"8":16,"9":16,"10":16,"11":16,"12":16,"13":16,"14":16,"15":16,"16":2,"17":16,"18":1,"19":16,"20":16},"f":{"0":16,"1":16,"2":0,"3":0,"4":16,"5":16,"6":16,"7":2,"8":1},"b":{"0":[16,16,16],"1":[16,0,0,0],"2":[0,0],"3":[0,16],"4":[2,2,2]},"_coverageSchema":"1a1c01bbd47fc00a2c39e90264f33305004495a9","hash":"480fa389ed7f18822b68bb6bac85a8214d9bce61"}
,"/home/travis/build/IBM/node-sdk-core/dist/auth/authenticators/token-request-based-authenticator.js": {"path":"/home/travis/build/IBM/node-sdk-core/dist/auth/authenticators/token-request-based-authenticator.js","statementMap":{"0":{"start":{"line":17,"column":16},"end":{"line":29,"column":4}},"1":{"start":{"line":18,"column":24},"end":{"line":23,"column":5}},"2":{"start":{"line":19,"column":8},"end":{"line":21,"column":87}},"3":{"start":{"line":20,"column":69},"end":{"line":20,"column":85}},"4":{"start":{"line":21,"column":30},"end":{"line":21,"column":84}},"5":{"start":{"line":21,"column":47},"end":{"line":21,"column":84}},"6":{"start":{"line":21,"column":72},"end":{"line":21,"column":84}},"7":{"start":{"line":22,"column":8},"end":{"line":22,"column":35}},"8":{"start":{"line":24,"column":4},"end":{"line":28,"column":6}},"9":{"start":{"line":25,"column":8},"end":{"line":25,"column":28}},"10":{"start":{"line":26,"column":24},"end":{"line":26,"column":45}},"11":{"start":{"line":27,"column":8},"end":{"line":27,"column":93}},"12":{"start":{"line":30,"column":0},"end":{"line":30,"column":62}},"13":{"start":{"line":31,"column":13},"end":{"line":31,"column":30}},"14":{"start":{"line":32,"column":23},"end":{"line":32,"column":51}},"15":{"start":{"line":33,"column":22},"end":{"line":33,"column":48}},"16":{"start":{"line":45,"column":52},"end":{"line":113,"column":32}},"17":{"start":{"line":46,"column":4},"end":{"line":46,"column":54}},"18":{"start":{"line":59,"column":20},"end":{"line":59,"column":45}},"19":{"start":{"line":60,"column":8},"end":{"line":60,"column":79}},"20":{"start":{"line":61,"column":8},"end":{"line":61,"column":32}},"21":{"start":{"line":63,"column":8},"end":{"line":63,"column":46}},"22":{"start":{"line":64,"column":8},"end":{"line":64,"column":75}},"23":{"start":{"line":65,"column":8},"end":{"line":65,"column":21}},"24":{"start":{"line":74,"column":4},"end":{"line":79,"column":6}},"25":{"start":{"line":77,"column":8},"end":{"line":77,"column":53}},"26":{"start":{"line":78,"column":8},"end":{"line":78,"column":81}},"27":{"start":{"line":86,"column":4},"end":{"line":93,"column":6}},"28":{"start":{"line":87,"column":8},"end":{"line":90,"column":9}},"29":{"start":{"line":89,"column":12},"end":{"line":89,"column":19}},"30":{"start":{"line":91,"column":8},"end":{"line":91,"column":31}},"31":{"start":{"line":92,"column":8},"end":{"line":92,"column":51}},"32":{"start":{"line":106,"column":4},"end":{"line":111,"column":6}},"33":{"start":{"line":107,"column":8},"end":{"line":110,"column":11}},"34":{"start":{"line":108,"column":29},"end":{"line":108,"column":65}},"35":{"start":{"line":109,"column":12},"end":{"line":109,"column":90}},"36":{"start":{"line":112,"column":4},"end":{"line":112,"column":42}},"37":{"start":{"line":114,"column":0},"end":{"line":114,"column":72}}},"fnMap":{"0":{"name":"(anonymous_0)","decl":{"start":{"line":17,"column":45},"end":{"line":17,"column":46}},"loc":{"start":{"line":17,"column":57},"end":{"line":29,"column":1}},"line":17},"1":{"name":"(anonymous_1)","decl":{"start":{"line":18,"column":24},"end":{"line":18,"column":25}},"loc":{"start":{"line":18,"column":40},"end":{"line":23,"column":5}},"line":18},"2":{"name":"(anonymous_2)","decl":{"start":{"line":20,"column":51},"end":{"line":20,"column":52}},"loc":{"start":{"line":20,"column":67},"end":{"line":20,"column":87}},"line":20},"3":{"name":"(anonymous_3)","decl":{"start":{"line":21,"column":12},"end":{"line":21,"column":13}},"loc":{"start":{"line":21,"column":28},"end":{"line":21,"column":86}},"line":21},"4":{"name":"(anonymous_4)","decl":{"start":{"line":24,"column":11},"end":{"line":24,"column":12}},"loc":{"start":{"line":24,"column":27},"end":{"line":28,"column":5}},"line":24},"5":{"name":"__","decl":{"start":{"line":26,"column":17},"end":{"line":26,"column":19}},"loc":{"start":{"line":26,"column":22},"end":{"line":26,"column":47}},"line":26},"6":{"name":"(anonymous_6)","decl":{"start":{"line":45,"column":52},"end":{"line":45,"column":53}},"loc":{"start":{"line":45,"column":70},"end":{"line":113,"column":1}},"line":45},"7":{"name":"TokenRequestBasedAuthenticator","decl":{"start":{"line":58,"column":13},"end":{"line":58,"column":43}},"loc":{"start":{"line":58,"column":53},"end":{"line":66,"column":5}},"line":58},"8":{"name":"(anonymous_8)","decl":{"start":{"line":74,"column":73},"end":{"line":74,"column":74}},"loc":{"start":{"line":74,"column":90},"end":{"line":79,"column":5}},"line":74},"9":{"name":"(anonymous_9)","decl":{"start":{"line":86,"column":58},"end":{"line":86,"column":59}},"loc":{"start":{"line":86,"column":77},"end":{"line":93,"column":5}},"line":86},"10":{"name":"(anonymous_10)","decl":{"start":{"line":106,"column":60},"end":{"line":106,"column":61}},"loc":{"start":{"line":106,"column":86},"end":{"line":111,"column":5}},"line":106},"11":{"name":"(anonymous_11)","decl":{"start":{"line":107,"column":49},"end":{"line":107,"column":50}},"loc":{"start":{"line":107,"column":66},"end":{"line":110,"column":9}},"line":107}},"branchMap":{"0":{"loc":{"start":{"line":17,"column":16},"end":{"line":29,"column":4}},"type":"binary-expr","locations":[{"start":{"line":17,"column":17},"end":{"line":17,"column":21}},{"start":{"line":17,"column":25},"end":{"line":17,"column":39}},{"start":{"line":17,"column":44},"end":{"line":29,"column":4}}],"line":17},"1":{"loc":{"start":{"line":19,"column":24},"end":{"line":21,"column":86}},"type":"binary-expr","locations":[{"start":{"line":19,"column":24},"end":{"line":19,"column":45}},{"start":{"line":20,"column":13},"end":{"line":20,"column":47}},{"start":{"line":20,"column":51},"end":{"line":20,"column":87}},{"start":{"line":21,"column":12},"end":{"line":21,"column":86}}],"line":19},"2":{"loc":{"start":{"line":21,"column":47},"end":{"line":21,"column":84}},"type":"if","locations":[{"start":{"line":21,"column":47},"end":{"line":21,"column":84}},{"start":{"line":21,"column":47},"end":{"line":21,"column":84}}],"line":21},"3":{"loc":{"start":{"line":27,"column":22},"end":{"line":27,"column":92}},"type":"cond-expr","locations":[{"start":{"line":27,"column":35},"end":{"line":27,"column":51}},{"start":{"line":27,"column":55},"end":{"line":27,"column":91}}],"line":27},"4":{"loc":{"start":{"line":59,"column":20},"end":{"line":59,"column":45}},"type":"binary-expr","locations":[{"start":{"line":59,"column":20},"end":{"line":59,"column":37}},{"start":{"line":59,"column":41},"end":{"line":59,"column":45}}],"line":59},"5":{"loc":{"start":{"line":63,"column":24},"end":{"line":63,"column":45}},"type":"binary-expr","locations":[{"start":{"line":63,"column":24},"end":{"line":63,"column":39}},{"start":{"line":63,"column":43},"end":{"line":63,"column":45}}],"line":63},"6":{"loc":{"start":{"line":87,"column":8},"end":{"line":90,"column":9}},"type":"if","locations":[{"start":{"line":87,"column":8},"end":{"line":90,"column":9}},{"start":{"line":87,"column":8},"end":{"line":90,"column":9}}],"line":87}},"s":{"0":16,"1":16,"2":16,"3":0,"4":0,"5":0,"6":0,"7":16,"8":16,"9":16,"10":16,"11":16,"12":16,"13":16,"14":16,"15":16,"16":16,"17":16,"18":28,"19":28,"20":27,"21":27,"22":27,"23":27,"24":16,"25":2,"26":2,"27":16,"28":3,"29":1,"30":2,"31":2,"32":16,"33":3,"34":2,"35":2,"36":16,"37":16},"f":{"0":16,"1":16,"2":0,"3":0,"4":16,"5":16,"6":16,"7":28,"8":2,"9":3,"10":3,"11":2},"b":{"0":[16,16,16],"1":[16,0,0,0],"2":[0,0],"3":[0,16],"4":[28,28],"5":[27,15],"6":[1,2]},"_coverageSchema":"1a1c01bbd47fc00a2c39e90264f33305004495a9","hash":"37f3d3292d0ac74f40369042ed598f79cf08be31"}
,"/home/travis/build/IBM/node-sdk-core/dist/auth/token-managers/cp4d-token-manager.js": {"path":"/home/travis/build/IBM/node-sdk-core/dist/auth/token-managers/cp4d-token-manager.js","statementMap":{"0":{"start":{"line":17,"column":16},"end":{"line":29,"column":4}},"1":{"start":{"line":18,"column":24},"end":{"line":23,"column":5}},"2":{"start":{"line":19,"column":8},"end":{"line":21,"column":87}},"3":{"start":{"line":20,"column":69},"end":{"line":20,"column":85}},"4":{"start":{"line":21,"column":30},"end":{"line":21,"column":84}},"5":{"start":{"line":21,"column":47},"end":{"line":21,"column":84}},"6":{"start":{"line":21,"column":72},"end":{"line":21,"column":84}},"7":{"start":{"line":22,"column":8},"end":{"line":22,"column":35}},"8":{"start":{"line":24,"column":4},"end":{"line":28,"column":6}},"9":{"start":{"line":25,"column":8},"end":{"line":25,"column":28}},"10":{"start":{"line":26,"column":24},"end":{"line":26,"column":45}},"11":{"start":{"line":27,"column":8},"end":{"line":27,"column":93}},"12":{"start":{"line":30,"column":0},"end":{"line":30,"column":62}},"13":{"start":{"line":31,"column":13},"end":{"line":31,"column":30}},"14":{"start":{"line":32,"column":14},"end":{"line":32,"column":33}},"15":{"start":{"line":33,"column":26},"end":{"line":33,"column":56}},"16":{"start":{"line":40,"column":38},"end":{"line":96,"column":38}},"17":{"start":{"line":41,"column":4},"end":{"line":41,"column":40}},"18":{"start":{"line":58,"column":20},"end":{"line":58,"column":54}},"19":{"start":{"line":59,"column":8},"end":{"line":59,"column":52}},"20":{"start":{"line":60,"column":8},"end":{"line":60,"column":34}},"21":{"start":{"line":61,"column":8},"end":{"line":63,"column":9}},"22":{"start":{"line":62,"column":12},"end":{"line":62,"column":88}},"23":{"start":{"line":64,"column":8},"end":{"line":64,"column":62}},"24":{"start":{"line":65,"column":27},"end":{"line":65,"column":42}},"25":{"start":{"line":67,"column":8},"end":{"line":69,"column":9}},"26":{"start":{"line":68,"column":12},"end":{"line":68,"column":38}},"27":{"start":{"line":70,"column":8},"end":{"line":70,"column":42}},"28":{"start":{"line":71,"column":8},"end":{"line":71,"column":42}},"29":{"start":{"line":72,"column":8},"end":{"line":72,"column":38}},"30":{"start":{"line":73,"column":8},"end":{"line":73,"column":21}},"31":{"start":{"line":75,"column":4},"end":{"line":94,"column":6}},"32":{"start":{"line":77,"column":30},"end":{"line":79,"column":9}},"33":{"start":{"line":80,"column":25},"end":{"line":92,"column":9}},"34":{"start":{"line":93,"column":8},"end":{"line":93,"column":67}},"35":{"start":{"line":95,"column":4},"end":{"line":95,"column":28}},"36":{"start":{"line":97,"column":0},"end":{"line":97,"column":44}}},"fnMap":{"0":{"name":"(anonymous_0)","decl":{"start":{"line":17,"column":45},"end":{"line":17,"column":46}},"loc":{"start":{"line":17,"column":57},"end":{"line":29,"column":1}},"line":17},"1":{"name":"(anonymous_1)","decl":{"start":{"line":18,"column":24},"end":{"line":18,"column":25}},"loc":{"start":{"line":18,"column":40},"end":{"line":23,"column":5}},"line":18},"2":{"name":"(anonymous_2)","decl":{"start":{"line":20,"column":51},"end":{"line":20,"column":52}},"loc":{"start":{"line":20,"column":67},"end":{"line":20,"column":87}},"line":20},"3":{"name":"(anonymous_3)","decl":{"start":{"line":21,"column":12},"end":{"line":21,"column":13}},"loc":{"start":{"line":21,"column":28},"end":{"line":21,"column":86}},"line":21},"4":{"name":"(anonymous_4)","decl":{"start":{"line":24,"column":11},"end":{"line":24,"column":12}},"loc":{"start":{"line":24,"column":27},"end":{"line":28,"column":5}},"line":24},"5":{"name":"__","decl":{"start":{"line":26,"column":17},"end":{"line":26,"column":19}},"loc":{"start":{"line":26,"column":22},"end":{"line":26,"column":47}},"line":26},"6":{"name":"(anonymous_6)","decl":{"start":{"line":40,"column":38},"end":{"line":40,"column":39}},"loc":{"start":{"line":40,"column":56},"end":{"line":96,"column":1}},"line":40},"7":{"name":"Cp4dTokenManager","decl":{"start":{"line":57,"column":13},"end":{"line":57,"column":29}},"loc":{"start":{"line":57,"column":39},"end":{"line":74,"column":5}},"line":57},"8":{"name":"(anonymous_8)","decl":{"start":{"line":75,"column":46},"end":{"line":75,"column":47}},"loc":{"start":{"line":75,"column":58},"end":{"line":94,"column":5}},"line":75}},"branchMap":{"0":{"loc":{"start":{"line":17,"column":16},"end":{"line":29,"column":4}},"type":"binary-expr","locations":[{"start":{"line":17,"column":17},"end":{"line":17,"column":21}},{"start":{"line":17,"column":25},"end":{"line":17,"column":39}},{"start":{"line":17,"column":44},"end":{"line":29,"column":4}}],"line":17},"1":{"loc":{"start":{"line":19,"column":24},"end":{"line":21,"column":86}},"type":"binary-expr","locations":[{"start":{"line":19,"column":24},"end":{"line":19,"column":45}},{"start":{"line":20,"column":13},"end":{"line":20,"column":47}},{"start":{"line":20,"column":51},"end":{"line":20,"column":87}},{"start":{"line":21,"column":12},"end":{"line":21,"column":86}}],"line":19},"2":{"loc":{"start":{"line":21,"column":47},"end":{"line":21,"column":84}},"type":"if","locations":[{"start":{"line":21,"column":47},"end":{"line":21,"column":84}},{"start":{"line":21,"column":47},"end":{"line":21,"column":84}}],"line":21},"3":{"loc":{"start":{"line":27,"column":22},"end":{"line":27,"column":92}},"type":"cond-expr","locations":[{"start":{"line":27,"column":35},"end":{"line":27,"column":51}},{"start":{"line":27,"column":55},"end":{"line":27,"column":91}}],"line":27},"4":{"loc":{"start":{"line":58,"column":20},"end":{"line":58,"column":54}},"type":"binary-expr","locations":[{"start":{"line":58,"column":20},"end":{"line":58,"column":46}},{"start":{"line":58,"column":50},"end":{"line":58,"column":54}}],"line":58},"5":{"loc":{"start":{"line":61,"column":8},"end":{"line":63,"column":9}},"type":"if","locations":[{"start":{"line":61,"column":8},"end":{"line":63,"column":9}},{"start":{"line":61,"column":8},"end":{"line":63,"column":9}}],"line":61},"6":{"loc":{"start":{"line":61,"column":12},"end":{"line":61,"column":90}},"type":"binary-expr","locations":[{"start":{"line":61,"column":13},"end":{"line":61,"column":30}},{"start":{"line":61,"column":34},"end":{"line":61,"column":49}},{"start":{"line":61,"column":55},"end":{"line":61,"column":71}},{"start":{"line":61,"column":75},"end":{"line":61,"column":89}}],"line":61},"7":{"loc":{"start":{"line":67,"column":8},"end":{"line":69,"column":9}},"type":"if","locations":[{"start":{"line":67,"column":8},"end":{"line":69,"column":9}},{"start":{"line":67,"column":8},"end":{"line":69,"column":9}}],"line":67},"8":{"loc":{"start":{"line":67,"column":12},"end":{"line":67,"column":58}},"type":"binary-expr","locations":[{"start":{"line":67,"column":12},"end":{"line":67,"column":21}},{"start":{"line":67,"column":25},"end":{"line":67,"column":58}}],"line":67}},"s":{"0":16,"1":16,"2":16,"3":0,"4":0,"5":0,"6":0,"7":16,"8":16,"9":16,"10":16,"11":16,"12":16,"13":16,"14":16,"15":16,"16":16,"17":16,"18":24,"19":24,"20":24,"21":24,"22":4,"23":20,"24":13,"25":13,"26":12,"27":13,"28":13,"29":13,"30":13,"31":16,"32":2,"33":2,"34":2,"35":16,"36":16},"f":{"0":16,"1":16,"2":0,"3":0,"4":16,"5":16,"6":16,"7":24,"8":2},"b":{"0":[16,16,16],"1":[16,0,0,0],"2":[0,0],"3":[0,16],"4":[24,0],"5":[4,20],"6":[24,6,22,18],"7":[12,1],"8":[13,13]},"_coverageSchema":"1a1c01bbd47fc00a2c39e90264f33305004495a9","hash":"bced2d2528bb7c4a9c0f4e0cbb2d5990af70a3bc"}
,"/home/travis/build/IBM/node-sdk-core/dist/auth/token-managers/iam-token-manager.js": {"path":"/home/travis/build/IBM/node-sdk-core/dist/auth/token-managers/iam-token-manager.js","statementMap":{"0":{"start":{"line":17,"column":16},"end":{"line":29,"column":4}},"1":{"start":{"line":18,"column":24},"end":{"line":23,"column":5}},"2":{"start":{"line":19,"column":8},"end":{"line":21,"column":87}},"3":{"start":{"line":20,"column":69},"end":{"line":20,"column":85}},"4":{"start":{"line":21,"column":30},"end":{"line":21,"column":84}},"5":{"start":{"line":21,"column":47},"end":{"line":21,"column":84}},"6":{"start":{"line":21,"column":72},"end":{"line":21,"column":84}},"7":{"start":{"line":22,"column":8},"end":{"line":22,"column":35}},"8":{"start":{"line":24,"column":4},"end":{"line":28,"column":6}},"9":{"start":{"line":25,"column":8},"end":{"line":25,"column":28}},"10":{"start":{"line":26,"column":24},"end":{"line":26,"column":45}},"11":{"start":{"line":27,"column":8},"end":{"line":27,"column":93}},"12":{"start":{"line":30,"column":0},"end":{"line":30,"column":62}},"13":{"start":{"line":31,"column":13},"end":{"line":31,"column":30}},"14":{"start":{"line":32,"column":15},"end":{"line":32,"column":42}},"15":{"start":{"line":33,"column":14},"end":{"line":33,"column":33}},"16":{"start":{"line":34,"column":26},"end":{"line":34,"column":56}},"17":{"start":{"line":46,"column":4},"end":{"line":46,"column":43}},"18":{"start":{"line":56,"column":4},"end":{"line":58,"column":5}},"19":{"start":{"line":57,"column":8},"end":{"line":57,"column":56}},"20":{"start":{"line":59,"column":4},"end":{"line":59,"column":15}},"21":{"start":{"line":61,"column":31},"end":{"line":61,"column":118}},"22":{"start":{"line":62,"column":12},"end":{"line":62,"column":19}},"23":{"start":{"line":63,"column":22},"end":{"line":63,"column":49}},"24":{"start":{"line":64,"column":21},"end":{"line":64,"column":38}},"25":{"start":{"line":70,"column":37},"end":{"line":199,"column":38}},"26":{"start":{"line":71,"column":4},"end":{"line":71,"column":39}},"27":{"start":{"line":91,"column":20},"end":{"line":91,"column":54}},"28":{"start":{"line":92,"column":8},"end":{"line":92,"column":43}},"29":{"start":{"line":93,"column":8},"end":{"line":93,"column":62}},"30":{"start":{"line":94,"column":8},"end":{"line":94,"column":38}},"31":{"start":{"line":96,"column":8},"end":{"line":96,"column":90}},"32":{"start":{"line":97,"column":8},"end":{"line":99,"column":9}},"33":{"start":{"line":98,"column":12},"end":{"line":98,"column":46}},"34":{"start":{"line":100,"column":8},"end":{"line":102,"column":9}},"35":{"start":{"line":101,"column":12},"end":{"line":101,"column":54}},"36":{"start":{"line":103,"column":8},"end":{"line":105,"column":9}},"37":{"start":{"line":104,"column":12},"end":{"line":104,"column":40}},"38":{"start":{"line":106,"column":8},"end":{"line":109,"column":9}},"39":{"start":{"line":108,"column":12},"end":{"line":108,"column":60}},"40":{"start":{"line":110,"column":8},"end":{"line":110,"column":21}},"41":{"start":{"line":120,"column":4},"end":{"line":122,"column":6}},"42":{"start":{"line":121,"column":8},"end":{"line":121,"column":27}},"43":{"start":{"line":134,"column":4},"end":{"line":141,"column":6}},"44":{"start":{"line":135,"column":8},"end":{"line":135,"column":33}},"45":{"start":{"line":136,"column":8},"end":{"line":136,"column":41}},"46":{"start":{"line":137,"column":8},"end":{"line":140,"column":9}},"47":{"start":{"line":139,"column":12},"end":{"line":139,"column":60}},"48":{"start":{"line":148,"column":4},"end":{"line":150,"column":6}},"49":{"start":{"line":149,"column":8},"end":{"line":149,"column":33}},"50":{"start":{"line":159,"column":4},"end":{"line":165,"column":6}},"51":{"start":{"line":160,"column":8},"end":{"line":160,"column":65}},"52":{"start":{"line":161,"column":27},"end":{"line":161,"column":53}},"53":{"start":{"line":162,"column":8},"end":{"line":164,"column":9}},"54":{"start":{"line":163,"column":12},"end":{"line":163,"column":59}},"55":{"start":{"line":171,"column":4},"end":{"line":197,"column":6}},"56":{"start":{"line":173,"column":30},"end":{"line":175,"column":9}},"57":{"start":{"line":177,"column":8},"end":{"line":179,"column":9}},"58":{"start":{"line":178,"column":12},"end":{"line":178,"column":109}},"59":{"start":{"line":180,"column":25},"end":{"line":192,"column":9}},"60":{"start":{"line":193,"column":8},"end":{"line":195,"column":9}},"61":{"start":{"line":194,"column":12},"end":{"line":194,"column":56}},"62":{"start":{"line":196,"column":8},"end":{"line":196,"column":67}},"63":{"start":{"line":198,"column":4},"end":{"line":198,"column":27}},"64":{"start":{"line":200,"column":0},"end":{"line":200,"column":42}}},"fnMap":{"0":{"name":"(anonymous_0)","decl":{"start":{"line":17,"column":45},"end":{"line":17,"column":46}},"loc":{"start":{"line":17,"column":57},"end":{"line":29,"column":1}},"line":17},"1":{"name":"(anonymous_1)","decl":{"start":{"line":18,"column":24},"end":{"line":18,"column":25}},"loc":{"start":{"line":18,"column":40},"end":{"line":23,"column":5}},"line":18},"2":{"name":"(anonymous_2)","decl":{"start":{"line":20,"column":51},"end":{"line":20,"column":52}},"loc":{"start":{"line":20,"column":67},"end":{"line":20,"column":87}},"line":20},"3":{"name":"(anonymous_3)","decl":{"start":{"line":21,"column":12},"end":{"line":21,"column":13}},"loc":{"start":{"line":21,"column":28},"end":{"line":21,"column":86}},"line":21},"4":{"name":"(anonymous_4)","decl":{"start":{"line":24,"column":11},"end":{"line":24,"column":12}},"loc":{"start":{"line":24,"column":27},"end":{"line":28,"column":5}},"line":24},"5":{"name":"__","decl":{"start":{"line":26,"column":17},"end":{"line":26,"column":19}},"loc":{"start":{"line":26,"column":22},"end":{"line":26,"column":47}},"line":26},"6":{"name":"onlyOne","decl":{"start":{"line":45,"column":9},"end":{"line":45,"column":16}},"loc":{"start":{"line":45,"column":23},"end":{"line":47,"column":1}},"line":45},"7":{"name":"removeSuffix","decl":{"start":{"line":55,"column":9},"end":{"line":55,"column":21}},"loc":{"start":{"line":55,"column":35},"end":{"line":60,"column":1}},"line":55},"8":{"name":"(anonymous_8)","decl":{"start":{"line":70,"column":37},"end":{"line":70,"column":38}},"loc":{"start":{"line":70,"column":55},"end":{"line":199,"column":1}},"line":70},"9":{"name":"IamTokenManager","decl":{"start":{"line":90,"column":13},"end":{"line":90,"column":28}},"loc":{"start":{"line":90,"column":38},"end":{"line":111,"column":5}},"line":90},"10":{"name":"(anonymous_10)","decl":{"start":{"line":120,"column":41},"end":{"line":120,"column":42}},"loc":{"start":{"line":120,"column":58},"end":{"line":122,"column":5}},"line":120},"11":{"name":"(anonymous_11)","decl":{"start":{"line":134,"column":53},"end":{"line":134,"column":54}},"loc":{"start":{"line":134,"column":87},"end":{"line":141,"column":5}},"line":134},"12":{"name":"(anonymous_12)","decl":{"start":{"line":148,"column":48},"end":{"line":148,"column":49}},"loc":{"start":{"line":148,"column":60},"end":{"line":150,"column":5}},"line":148},"13":{"name":"(anonymous_13)","decl":{"start":{"line":159,"column":46},"end":{"line":159,"column":47}},"loc":{"start":{"line":159,"column":71},"end":{"line":165,"column":5}},"line":159},"14":{"name":"(anonymous_14)","decl":{"start":{"line":171,"column":45},"end":{"line":171,"column":46}},"loc":{"start":{"line":171,"column":57},"end":{"line":197,"column":5}},"line":171}},"branchMap":{"0":{"loc":{"start":{"line":17,"column":16},"end":{"line":29,"column":4}},"type":"binary-expr","locations":[{"start":{"line":17,"column":17},"end":{"line":17,"column":21}},{"start":{"line":17,"column":25},"end":{"line":17,"column":39}},{"start":{"line":17,"column":44},"end":{"line":29,"column":4}}],"line":17},"1":{"loc":{"start":{"line":19,"column":24},"end":{"line":21,"column":86}},"type":"binary-expr","locations":[{"start":{"line":19,"column":24},"end":{"line":19,"column":45}},{"start":{"line":20,"column":13},"end":{"line":20,"column":47}},{"start":{"line":20,"column":51},"end":{"line":20,"column":87}},{"start":{"line":21,"column":12},"end":{"line":21,"column":86}}],"line":19},"2":{"loc":{"start":{"line":21,"column":47},"end":{"line":21,"column":84}},"type":"if","locations":[{"start":{"line":21,"column":47},"end":{"line":21,"column":84}},{"start":{"line":21,"column":47},"end":{"line":21,"column":84}}],"line":21},"3":{"loc":{"start":{"line":27,"column":22},"end":{"line":27,"column":92}},"type":"cond-expr","locations":[{"start":{"line":27,"column":35},"end":{"line":27,"column":51}},{"start":{"line":27,"column":55},"end":{"line":27,"column":91}}],"line":27},"4":{"loc":{"start":{"line":46,"column":19},"end":{"line":46,"column":41}},"type":"binary-expr","locations":[{"start":{"line":46,"column":20},"end":{"line":46,"column":21}},{"start":{"line":46,"column":25},"end":{"line":46,"column":27}},{"start":{"line":46,"column":33},"end":{"line":46,"column":34}},{"start":{"line":46,"column":38},"end":{"line":46,"column":40}}],"line":46},"5":{"loc":{"start":{"line":56,"column":4},"end":{"line":58,"column":5}},"type":"if","locations":[{"start":{"line":56,"column":4},"end":{"line":58,"column":5}},{"start":{"line":56,"column":4},"end":{"line":58,"column":5}}],"line":56},"6":{"loc":{"start":{"line":91,"column":20},"end":{"line":91,"column":54}},"type":"binary-expr","locations":[{"start":{"line":91,"column":20},"end":{"line":91,"column":46}},{"start":{"line":91,"column":50},"end":{"line":91,"column":54}}],"line":91},"7":{"loc":{"start":{"line":96,"column":20},"end":{"line":96,"column":89}},"type":"cond-expr","locations":[{"start":{"line":96,"column":32},"end":{"line":96,"column":71}},{"start":{"line":96,"column":74},"end":{"line":96,"column":89}}],"line":96},"8":{"loc":{"start":{"line":97,"column":8},"end":{"line":99,"column":9}},"type":"if","locations":[{"start":{"line":97,"column":8},"end":{"line":99,"column":9}},{"start":{"line":97,"column":8},"end":{"line":99,"column":9}}],"line":97},"9":{"loc":{"start":{"line":100,"column":8},"end":{"line":102,"column":9}},"type":"if","locations":[{"start":{"line":100,"column":8},"end":{"line":102,"column":9}},{"start":{"line":100,"column":8},"end":{"line":102,"column":9}}],"line":100},"10":{"loc":{"start":{"line":103,"column":8},"end":{"line":105,"column":9}},"type":"if","locations":[{"start":{"line":103,"column":8},"end":{"line":105,"column":9}},{"start":{"line":103,"column":8},"end":{"line":105,"column":9}}],"line":103},"11":{"loc":{"start":{"line":106,"column":8},"end":{"line":109,"column":9}},"type":"if","locations":[{"start":{"line":106,"column":8},"end":{"line":109,"column":9}},{"start":{"line":106,"column":8},"end":{"line":109,"column":9}}],"line":106},"12":{"loc":{"start":{"line":137,"column":8},"end":{"line":140,"column":9}},"type":"if","locations":[{"start":{"line":137,"column":8},"end":{"line":140,"column":9}},{"start":{"line":137,"column":8},"end":{"line":140,"column":9}}],"line":137},"13":{"loc":{"start":{"line":161,"column":27},"end":{"line":161,"column":53}},"type":"binary-expr","locations":[{"start":{"line":161,"column":27},"end":{"line":161,"column":47}},{"start":{"line":161,"column":51},"end":{"line":161,"column":53}}],"line":161},"14":{"loc":{"start":{"line":162,"column":8},"end":{"line":164,"column":9}},"type":"if","locations":[{"start":{"line":162,"column":8},"end":{"line":164,"column":9}},{"start":{"line":162,"column":8},"end":{"line":164,"column":9}}],"line":162},"15":{"loc":{"start":{"line":177,"column":8},"end":{"line":179,"column":9}},"type":"if","locations":[{"start":{"line":177,"column":8},"end":{"line":179,"column":9}},{"start":{"line":177,"column":8},"end":{"line":179,"column":9}}],"line":177},"16":{"loc":{"start":{"line":177,"column":12},"end":{"line":177,"column":46}},"type":"binary-expr","locations":[{"start":{"line":177,"column":12},"end":{"line":177,"column":25}},{"start":{"line":177,"column":29},"end":{"line":177,"column":46}}],"line":177},"17":{"loc":{"start":{"line":193,"column":8},"end":{"line":195,"column":9}},"type":"if","locations":[{"start":{"line":193,"column":8},"end":{"line":195,"column":9}},{"start":{"line":193,"column":8},"end":{"line":195,"column":9}}],"line":193}},"s":{"0":16,"1":16,"2":16,"3":0,"4":0,"5":0,"6":0,"7":16,"8":16,"9":16,"10":16,"11":16,"12":16,"13":16,"14":16,"15":16,"16":16,"17":37,"18":9,"19":1,"20":9,"21":16,"22":16,"23":16,"24":16,"25":16,"26":16,"27":33,"28":33,"29":33,"30":32,"31":32,"32":32,"33":7,"34":32,"35":7,"36":32,"37":7,"38":32,"39":2,"40":32,"41":16,"42":3,"43":16,"44":5,"45":5,"46":5,"47":2,"48":16,"49":1,"50":16,"51":17,"52":17,"53":17,"54":16,"55":16,"56":16,"57":16,"58":2,"59":16,"60":16,"61":2,"62":16,"63":16,"64":16},"f":{"0":16,"1":16,"2":0,"3":0,"4":16,"5":16,"6":37,"7":9,"8":16,"9":33,"10":3,"11":5,"12":1,"13":17,"14":16},"b":{"0":[16,16,16],"1":[16,0,0,0],"2":[0,0],"3":[0,16],"4":[37,10,35,10],"5":[1,8],"6":[33,0],"7":[9,23],"8":[7,25],"9":[7,25],"10":[7,25],"11":[2,30],"12":[2,3],"13":[17,0],"14":[16,1],"15":[2,14],"16":[16,4],"17":[2,14]},"_coverageSchema":"1a1c01bbd47fc00a2c39e90264f33305004495a9","hash":"ac9ce8253f0fcb7c77ca1ca5fb96bb8792598ce3"}
,"/home/travis/build/IBM/node-sdk-core/dist/auth/token-managers/index.js": {"path":"/home/travis/build/IBM/node-sdk-core/dist/auth/token-managers/index.js","statementMap":{"0":{"start":{"line":17,"column":0},"end":{"line":17,"column":62}},"1":{"start":{"line":33,"column":26},"end":{"line":33,"column":56}},"2":{"start":{"line":34,"column":0},"end":{"line":34,"column":62}},"3":{"start":{"line":35,"column":27},"end":{"line":35,"column":58}},"4":{"start":{"line":36,"column":0},"end":{"line":36,"column":65}},"5":{"start":{"line":37,"column":26},"end":{"line":37,"column":56}},"6":{"start":{"line":38,"column":0},"end":{"line":38,"column":62}},"7":{"start":{"line":39,"column":22},"end":{"line":39,"column":48}},"8":{"start":{"line":40,"column":0},"end":{"line":40,"column":52}}},"fnMap":{},"branchMap":{},"s":{"0":16,"1":16,"2":16,"3":16,"4":16,"5":16,"6":16,"7":16,"8":16},"f":{},"b":{},"_coverageSchema":"1a1c01bbd47fc00a2c39e90264f33305004495a9","hash":"a244e8339dd0f67fad16cb981a36f2efb0fc782c"}
,"/home/travis/build/IBM/node-sdk-core/dist/auth/token-managers/jwt-token-manager.js": {"path":"/home/travis/build/IBM/node-sdk-core/dist/auth/token-managers/jwt-token-manager.js","statementMap":{"0":{"start":{"line":3,"column":16},"end":{"line":15,"column":4}},"1":{"start":{"line":4,"column":24},"end":{"line":9,"column":5}},"2":{"start":{"line":5,"column":8},"end":{"line":7,"column":87}},"3":{"start":{"line":6,"column":69},"end":{"line":6,"column":85}},"4":{"start":{"line":7,"column":30},"end":{"line":7,"column":84}},"5":{"start":{"line":7,"column":47},"end":{"line":7,"column":84}},"6":{"start":{"line":7,"column":72},"end":{"line":7,"column":84}},"7":{"start":{"line":8,"column":8},"end":{"line":8,"column":35}},"8":{"start":{"line":10,"column":4},"end":{"line":14,"column":6}},"9":{"start":{"line":11,"column":8},"end":{"line":11,"column":28}},"10":{"start":{"line":12,"column":24},"end":{"line":12,"column":45}},"11":{"start":{"line":13,"column":8},"end":{"line":13,"column":93}},"12":{"start":{"line":16,"column":15},"end":{"line":26,"column":1}},"13":{"start":{"line":17,"column":4},"end":{"line":24,"column":6}},"14":{"start":{"line":18,"column":8},"end":{"line":22,"column":9}},"15":{"start":{"line":18,"column":24},"end":{"line":18,"column":25}},"16":{"start":{"line":18,"column":31},"end":{"line":18,"column":47}},"17":{"start":{"line":19,"column":12},"end":{"line":19,"column":29}},"18":{"start":{"line":20,"column":12},"end":{"line":21,"column":28}},"19":{"start":{"line":20,"column":29},"end":{"line":21,"column":28}},"20":{"start":{"line":21,"column":16},"end":{"line":21,"column":28}},"21":{"start":{"line":23,"column":8},"end":{"line":23,"column":17}},"22":{"start":{"line":25,"column":4},"end":{"line":25,"column":43}},"23":{"start":{"line":27,"column":0},"end":{"line":27,"column":62}},"24":{"start":{"line":43,"column":10},"end":{"line":43,"column":33}},"25":{"start":{"line":44,"column":15},"end":{"line":44,"column":42}},"26":{"start":{"line":45,"column":22},"end":{"line":45,"column":48}},"27":{"start":{"line":52,"column":37},"end":{"line":123,"column":31}},"28":{"start":{"line":53,"column":4},"end":{"line":53,"column":39}},"29":{"start":{"line":66,"column":20},"end":{"line":66,"column":24}},"30":{"start":{"line":68,"column":8},"end":{"line":68,"column":32}},"31":{"start":{"line":69,"column":8},"end":{"line":69,"column":51}},"32":{"start":{"line":70,"column":8},"end":{"line":70,"column":41}},"33":{"start":{"line":71,"column":8},"end":{"line":71,"column":29}},"34":{"start":{"line":72,"column":8},"end":{"line":72,"column":21}},"35":{"start":{"line":79,"column":4},"end":{"line":84,"column":6}},"36":{"start":{"line":80,"column":21},"end":{"line":80,"column":92}},"37":{"start":{"line":81,"column":18},"end":{"line":81,"column":35}},"38":{"start":{"line":82,"column":8},"end":{"line":82,"column":39}},"39":{"start":{"line":83,"column":8},"end":{"line":83,"column":35}},"40":{"start":{"line":92,"column":4},"end":{"line":121,"column":6}},"41":{"start":{"line":93,"column":27},"end":{"line":93,"column":53}},"42":{"start":{"line":94,"column":8},"end":{"line":94,"column":56}},"43":{"start":{"line":95,"column":8},"end":{"line":99,"column":9}},"44":{"start":{"line":96,"column":22},"end":{"line":96,"column":60}},"45":{"start":{"line":97,"column":12},"end":{"line":97,"column":40}},"46":{"start":{"line":98,"column":12},"end":{"line":98,"column":33}},"47":{"start":{"line":102,"column":30},"end":{"line":102,"column":58}},"48":{"start":{"line":103,"column":8},"end":{"line":107,"column":9}},"49":{"start":{"line":104,"column":22},"end":{"line":104,"column":64}},"50":{"start":{"line":105,"column":12},"end":{"line":105,"column":40}},"51":{"start":{"line":106,"column":12},"end":{"line":106,"column":33}},"52":{"start":{"line":108,"column":18},"end":{"line":108,"column":37}},"53":{"start":{"line":108,"column":45},"end":{"line":108,"column":64}},"54":{"start":{"line":110,"column":8},"end":{"line":119,"column":9}},"55":{"start":{"line":111,"column":12},"end":{"line":111,"column":32}},"56":{"start":{"line":112,"column":12},"end":{"line":112,"column":33}},"57":{"start":{"line":115,"column":32},"end":{"line":115,"column":35}},"58":{"start":{"line":116,"column":29},"end":{"line":116,"column":38}},"59":{"start":{"line":117,"column":12},"end":{"line":117,"column":34}},"60":{"start":{"line":118,"column":12},"end":{"line":118,"column":72}},"61":{"start":{"line":120,"column":8},"end":{"line":120,"column":52}},"62":{"start":{"line":122,"column":4},"end":{"line":122,"column":27}},"63":{"start":{"line":124,"column":0},"end":{"line":124,"column":42}}},"fnMap":{"0":{"name":"(anonymous_0)","decl":{"start":{"line":3,"column":45},"end":{"line":3,"column":46}},"loc":{"start":{"line":3,"column":57},"end":{"line":15,"column":1}},"line":3},"1":{"name":"(anonymous_1)","decl":{"start":{"line":4,"column":24},"end":{"line":4,"column":25}},"loc":{"start":{"line":4,"column":40},"end":{"line":9,"column":5}},"line":4},"2":{"name":"(anonymous_2)","decl":{"start":{"line":6,"column":51},"end":{"line":6,"column":52}},"loc":{"start":{"line":6,"column":67},"end":{"line":6,"column":87}},"line":6},"3":{"name":"(anonymous_3)","decl":{"start":{"line":7,"column":12},"end":{"line":7,"column":13}},"loc":{"start":{"line":7,"column":28},"end":{"line":7,"column":86}},"line":7},"4":{"name":"(anonymous_4)","decl":{"start":{"line":10,"column":11},"end":{"line":10,"column":12}},"loc":{"start":{"line":10,"column":27},"end":{"line":14,"column":5}},"line":10},"5":{"name":"__","decl":{"start":{"line":12,"column":17},"end":{"line":12,"column":19}},"loc":{"start":{"line":12,"column":22},"end":{"line":12,"column":47}},"line":12},"6":{"name":"(anonymous_6)","decl":{"start":{"line":16,"column":42},"end":{"line":16,"column":43}},"loc":{"start":{"line":16,"column":54},"end":{"line":26,"column":1}},"line":16},"7":{"name":"(anonymous_7)","decl":{"start":{"line":17,"column":32},"end":{"line":17,"column":33}},"loc":{"start":{"line":17,"column":44},"end":{"line":24,"column":5}},"line":17},"8":{"name":"(anonymous_8)","decl":{"start":{"line":52,"column":37},"end":{"line":52,"column":38}},"loc":{"start":{"line":52,"column":55},"end":{"line":123,"column":1}},"line":52},"9":{"name":"JwtTokenManager","decl":{"start":{"line":65,"column":13},"end":{"line":65,"column":28}},"loc":{"start":{"line":65,"column":38},"end":{"line":73,"column":5}},"line":65},"10":{"name":"(anonymous_10)","decl":{"start":{"line":79,"column":45},"end":{"line":79,"column":46}},"loc":{"start":{"line":79,"column":57},"end":{"line":84,"column":5}},"line":79},"11":{"name":"(anonymous_11)","decl":{"start":{"line":92,"column":46},"end":{"line":92,"column":47}},"loc":{"start":{"line":92,"column":71},"end":{"line":121,"column":5}},"line":92}},"branchMap":{"0":{"loc":{"start":{"line":3,"column":16},"end":{"line":15,"column":4}},"type":"binary-expr","locations":[{"start":{"line":3,"column":17},"end":{"line":3,"column":21}},{"start":{"line":3,"column":25},"end":{"line":3,"column":39}},{"start":{"line":3,"column":44},"end":{"line":15,"column":4}}],"line":3},"1":{"loc":{"start":{"line":5,"column":24},"end":{"line":7,"column":86}},"type":"binary-expr","locations":[{"start":{"line":5,"column":24},"end":{"line":5,"column":45}},{"start":{"line":6,"column":13},"end":{"line":6,"column":47}},{"start":{"line":6,"column":51},"end":{"line":6,"column":87}},{"start":{"line":7,"column":12},"end":{"line":7,"column":86}}],"line":5},"2":{"loc":{"start":{"line":7,"column":47},"end":{"line":7,"column":84}},"type":"if","locations":[{"start":{"line":7,"column":47},"end":{"line":7,"column":84}},{"start":{"line":7,"column":47},"end":{"line":7,"column":84}}],"line":7},"3":{"loc":{"start":{"line":13,"column":22},"end":{"line":13,"column":92}},"type":"cond-expr","locations":[{"start":{"line":13,"column":35},"end":{"line":13,"column":51}},{"start":{"line":13,"column":55},"end":{"line":13,"column":91}}],"line":13},"4":{"loc":{"start":{"line":16,"column":15},"end":{"line":26,"column":1}},"type":"binary-expr","locations":[{"start":{"line":16,"column":16},"end":{"line":16,"column":20}},{"start":{"line":16,"column":24},"end":{"line":16,"column":37}},{"start":{"line":16,"column":42},"end":{"line":26,"column":1}}],"line":16},"5":{"loc":{"start":{"line":17,"column":15},"end":{"line":24,"column":5}},"type":"binary-expr","locations":[{"start":{"line":17,"column":15},"end":{"line":17,"column":28}},{"start":{"line":17,"column":32},"end":{"line":24,"column":5}}],"line":17},"6":{"loc":{"start":{"line":20,"column":29},"end":{"line":21,"column":28}},"type":"if","locations":[{"start":{"line":20,"column":29},"end":{"line":21,"column":28}},{"start":{"line":20,"column":29},"end":{"line":21,"column":28}}],"line":20},"7":{"loc":{"start":{"line":68,"column":18},"end":{"line":68,"column":31}},"type":"binary-expr","locations":[{"start":{"line":68,"column":18},"end":{"line":68,"column":25}},{"start":{"line":68,"column":29},"end":{"line":68,"column":31}}],"line":68},"8":{"loc":{"start":{"line":69,"column":16},"end":{"line":69,"column":50}},"type":"binary-expr","locations":[{"start":{"line":69,"column":16},"end":{"line":69,"column":42}},{"start":{"line":69,"column":46},"end":{"line":69,"column":50}}],"line":69},"9":{"loc":{"start":{"line":93,"column":27},"end":{"line":93,"column":53}},"type":"binary-expr","locations":[{"start":{"line":93,"column":27},"end":{"line":93,"column":47}},{"start":{"line":93,"column":51},"end":{"line":93,"column":53}}],"line":93},"10":{"loc":{"start":{"line":95,"column":8},"end":{"line":99,"column":9}},"type":"if","locations":[{"start":{"line":95,"column":8},"end":{"line":99,"column":9}},{"start":{"line":95,"column":8},"end":{"line":99,"column":9}}],"line":95},"11":{"loc":{"start":{"line":103,"column":8},"end":{"line":107,"column":9}},"type":"if","locations":[{"start":{"line":103,"column":8},"end":{"line":107,"column":9}},{"start":{"line":103,"column":8},"end":{"line":107,"column":9}}],"line":103},"12":{"loc":{"start":{"line":110,"column":8},"end":{"line":119,"column":9}},"type":"if","locations":[{"start":{"line":110,"column":8},"end":{"line":119,"column":9}},{"start":{"line":110,"column":8},"end":{"line":119,"column":9}}],"line":110},"13":{"loc":{"start":{"line":110,"column":12},"end":{"line":110,"column":24}},"type":"binary-expr","locations":[{"start":{"line":110,"column":12},"end":{"line":110,"column":16}},{"start":{"line":110,"column":20},"end":{"line":110,"column":24}}],"line":110}},"s":{"0":16,"1":16,"2":16,"3":0,"4":0,"5":0,"6":0,"7":16,"8":16,"9":16,"10":16,"11":16,"12":16,"13":2,"14":0,"15":0,"16":0,"17":0,"18":0,"19":0,"20":0,"21":0,"22":2,"23":16,"24":16,"25":16,"26":16,"27":16,"28":16,"29":105,"30":105,"31":105,"32":105,"33":105,"34":105,"35":16,"36":1,"37":1,"38":1,"39":1,"40":16,"41":26,"42":26,"43":26,"44":3,"45":3,"46":3,"47":23,"48":23,"49":0,"50":0,"51":0,"52":23,"53":23,"54":23,"55":1,"56":1,"57":22,"58":22,"59":22,"60":22,"61":23,"62":16,"63":16},"f":{"0":16,"1":16,"2":0,"3":0,"4":16,"5":16,"6":2,"7":0,"8":16,"9":105,"10":1,"11":26},"b":{"0":[16,16,16],"1":[16,0,0,0],"2":[0,0],"3":[0,16],"4":[16,16,16],"5":[2,0],"6":[0,0],"7":[105,20],"8":[105,105],"9":[26,2],"10":[3,23],"11":[0,23],"12":[1,22],"13":[23,22]},"_coverageSchema":"1a1c01bbd47fc00a2c39e90264f33305004495a9","hash":"69c129fb7e19a9de058c81f74f05476ee28ab9e5"}
,"/home/travis/build/IBM/node-sdk-core/dist/auth/token-managers/token-manager.js": {"path":"/home/travis/build/IBM/node-sdk-core/dist/auth/token-managers/token-manager.js","statementMap":{"0":{"start":{"line":3,"column":0},"end":{"line":3,"column":62}},"1":{"start":{"line":4,"column":15},"end":{"line":4,"column":42}},"2":{"start":{"line":5,"column":15},"end":{"line":5,"column":42}},"3":{"start":{"line":6,"column":24},"end":{"line":6,"column":60}},"4":{"start":{"line":7,"column":14},"end":{"line":7,"column":33}},"5":{"start":{"line":15,"column":34},"end":{"line":182,"column":3}},"6":{"start":{"line":29,"column":8},"end":{"line":29,"column":32}},"7":{"start":{"line":30,"column":8},"end":{"line":32,"column":9}},"8":{"start":{"line":31,"column":12},"end":{"line":31,"column":64}},"9":{"start":{"line":34,"column":8},"end":{"line":34,"column":78}},"10":{"start":{"line":35,"column":8},"end":{"line":35,"column":45}},"11":{"start":{"line":37,"column":8},"end":{"line":37,"column":84}},"12":{"start":{"line":39,"column":8},"end":{"line":39,"column":34}},"13":{"start":{"line":46,"column":4},"end":{"line":60,"column":6}},"14":{"start":{"line":47,"column":20},"end":{"line":47,"column":24}},"15":{"start":{"line":48,"column":8},"end":{"line":51,"column":9}},"16":{"start":{"line":50,"column":12},"end":{"line":50,"column":92}},"17":{"start":{"line":50,"column":63},"end":{"line":50,"column":88}},"18":{"start":{"line":53,"column":8},"end":{"line":57,"column":9}},"19":{"start":{"line":54,"column":12},"end":{"line":56,"column":15}},"20":{"start":{"line":55,"column":16},"end":{"line":55,"column":51}},"21":{"start":{"line":59,"column":8},"end":{"line":59,"column":49}},"22":{"start":{"line":68,"column":4},"end":{"line":72,"column":6}},"23":{"start":{"line":71,"column":8},"end":{"line":71,"column":53}},"24":{"start":{"line":79,"column":4},"end":{"line":85,"column":6}},"25":{"start":{"line":80,"column":8},"end":{"line":83,"column":9}},"26":{"start":{"line":82,"column":12},"end":{"line":82,"column":19}},"27":{"start":{"line":84,"column":8},"end":{"line":84,"column":31}},"28":{"start":{"line":97,"column":4},"end":{"line":124,"column":6}},"29":{"start":{"line":98,"column":20},"end":{"line":98,"column":24}},"30":{"start":{"line":99,"column":26},"end":{"line":99,"column":50}},"31":{"start":{"line":100,"column":8},"end":{"line":105,"column":9}},"32":{"start":{"line":102,"column":12},"end":{"line":104,"column":15}},"33":{"start":{"line":103,"column":16},"end":{"line":103,"column":81}},"34":{"start":{"line":106,"column":8},"end":{"line":106,"column":39}},"35":{"start":{"line":107,"column":8},"end":{"line":123,"column":11}},"36":{"start":{"line":109,"column":12},"end":{"line":109,"column":47}},"37":{"start":{"line":110,"column":12},"end":{"line":113,"column":15}},"38":{"start":{"line":111,"column":30},"end":{"line":111,"column":40}},"39":{"start":{"line":112,"column":16},"end":{"line":112,"column":26}},"40":{"start":{"line":114,"column":12},"end":{"line":114,"column":39}},"41":{"start":{"line":115,"column":12},"end":{"line":115,"column":34}},"42":{"start":{"line":118,"column":12},"end":{"line":121,"column":15}},"43":{"start":{"line":119,"column":29},"end":{"line":119,"column":38}},"44":{"start":{"line":120,"column":16},"end":{"line":120,"column":28}},"45":{"start":{"line":122,"column":12},"end":{"line":122,"column":22}},"46":{"start":{"line":130,"column":4},"end":{"line":135,"column":6}},"47":{"start":{"line":131,"column":21},"end":{"line":131,"column":89}},"48":{"start":{"line":132,"column":18},"end":{"line":132,"column":35}},"49":{"start":{"line":133,"column":8},"end":{"line":133,"column":39}}
[...]
,"end":{"line":199,"column":92}},"type":"binary-expr","locations":[{"start":{"line":198,"column":40},"end":{"line":198,"column":98}},{"start":{"line":199,"column":40},"end":{"line":199,"column":92}}],"line":198},"45":{"loc":{"start":{"line":202,"column":36},"end":{"line":211,"column":37}},"type":"if","locations":[{"start":{"line":202,"column":36},"end":{"line":211,"column":37}},{"start":{"line":202,"column":36},"end":{"line":211,"column":37}}],"line":202},"46":{"loc":{"start":{"line":207,"column":40},"end":{"line":209,"column":41}},"type":"if","locations":[{"start":{"line":207,"column":40},"end":{"line":209,"column":41}},{"start":{"line":207,"column":40},"end":{"line":209,"column":41}}],"line":207},"47":{"loc":{"start":{"line":207,"column":44},"end":{"line":207,"column":100}},"type":"binary-expr","locations":[{"start":{"line":207,"column":44},"end":{"line":207,"column":69}},{"start":{"line":207,"column":73},"end":{"line":207,"column":100}}],"line":207},"48":{"loc":{"start":{"line":220,"column":24},"end":{"line":226,"column":25}},"type":"if","locations":[{"start":{"line":220,"column":24},"end":{"line":226,"column":25}},{"start":{"line":220,"column":24},"end":{"line":226,"column":25}}],"line":220},"49":{"loc":{"start":{"line":220,"column":28},"end":{"line":220,"column":60}},"type":"binary-expr","locations":[{"start":{"line":220,"column":28},"end":{"line":220,"column":30}},{"start":{"line":220,"column":34},"end":{"line":220,"column":60}}],"line":220},"50":{"loc":{"start":{"line":222,"column":32},"end":{"line":224,"column":33}},"type":"if","locations":[{"start":{"line":222,"column":32},"end":{"line":224,"column":33}},{"start":{"line":222,"column":32},"end":{"line":224,"column":33}}],"line":222},"51":{"loc":{"start":{"line":228,"column":24},"end":{"line":230,"column":25}},"type":"if","locations":[{"start":{"line":228,"column":24},"end":{"line":230,"column":25}},{"start":{"line":228,"column":24},"end":{"line":230,"column":25}}],"line":228},"52":{"loc":{"start":{"line":228,"column":28},"end":{"line":228,"column":56}},"type":"binary-expr","locations":[{"start":{"line":228,"column":28},"end":{"line":228,"column":31}},{"start":{"line":228,"column":35},"end":{"line":228,"column":56}}],"line":228},"53":{"loc":{"start":{"line":233,"column":24},"end":{"line":236,"column":25}},"type":"if","locations":[{"start":{"line":233,"column":24},"end":{"line":236,"column":25}},{"start":{"line":233,"column":24},"end":{"line":236,"column":25}}],"line":233},"54":{"loc":{"start":{"line":237,"column":24},"end":{"line":241,"column":25}},"type":"if","locations":[{"start":{"line":237,"column":24},"end":{"line":241,"column":25}},{"start":{"line":237,"column":24},"end":{"line":241,"column":25}}],"line":237},"55":{"loc":{"start":{"line":243,"column":53},"end":{"line":243,"column":89}},"type":"binary-expr","locations":[{"start":{"line":243,"column":53},"end":{"line":243,"column":79}},{"start":{"line":243,"column":83},"end":{"line":243,"column":89}}],"line":243},"56":{"loc":{"start":{"line":244,"column":24},"end":{"line":244,"column":79}},"type":"if","locations":[{"start":{"line":244,"column":24},"end":{"line":244,"column":79}},{"start":{"line":244,"column":24},"end":{"line":244,"column":79}}],"line":244},"57":{"loc":{"start":{"line":256,"column":42},"end":{"line":256,"column":72}},"type":"binary-expr","locations":[{"start":{"line":256,"column":42},"end":{"line":256,"column":62}},{"start":{"line":256,"column":66},"end":{"line":256,"column":72}}],"line":256},"58":{"loc":{"start":{"line":261,"column":32},"end":{"line":263,"column":33}},"type":"if","locations":[{"start":{"line":261,"column":32},"end":{"line":263,"column":33}},{"start":{"line":261,"column":32},"end":{"line":263,"column":33}}],"line":261},"59":{"loc":{"start":{"line":293,"column":8},"end":{"line":342,"column":9}},"type":"if","locations":[{"start":{"line":293,"column":8},"end":{"line":342,"column":9}},{"start":{"line":293,"column":8},"end":{"line":342,"column":9}}],"line":293},"60":{"loc":{"start":{"line":303,"column":28},"end":{"line":303,"column":94}},"type":"binary-expr","locations":[{"start":{"line":303,"column":28},"end":{"line":303,"column":69}},{"start":{"line":303,"column":73},"end":{"line":303,"column":94}}],"line":303},"61":{"loc":{"start":{"line":321,"column":12},"end":{"line":323,"column":13}},"type":"if","locations":[{"start":{"line":321,"column":12},"end":{"line":323,"column":13}},{"start":{"line":321,"column":12},"end":{"line":323,"column":13}}],"line":321},"62":{"loc":{"start":{"line":325,"column":13},"end":{"line":342,"column":9}},"type":"if","locations":[{"start":{"line":325,"column":13},"end":{"line":342,"column":9}},{"start":{"line":325,"column":13},"end":{"line":342,"column":9}}],"line":325},"63":{"loc":{"start":{"line":333,"column":12},"end":{"line":337,"column":13}},"type":"if","locations":[{"start":{"line":333,"column":12},"end":{"line":337,"column":13}},{"start":{"line":333,"column":12},"end":{"line":337,"column":13}}],"line":333},"64":{"loc":{"start":{"line":349,"column":16},"end":{"line":392,"column":17}},"type":"switch","locations":[{"start":{"line":350,"column":20},"end":{"line":355,"column":37}},{"start":{"line":356,"column":20},"end":{"line":360,"column":88}},{"start":{"line":361,"column":20},"end":{"line":363,"column":48}},{"start":{"line":364,"column":20},"end":{"line":372,"column":37}},{"start":{"line":373,"column":20},"end":{"line":373,"column":52}},{"start":{"line":374,"column":20},"end":{"line":378,"column":52}},{"start":{"line":379,"column":20},"end":{"line":391,"column":52}}],"line":349},"65":{"loc":{"start":{"line":351,"column":43},"end":{"line":351,"column":129}},"type":"binary-expr","locations":[{"start":{"line":351,"column":43},"end":{"line":351,"column":70}},{"start":{"line":351,"column":74},"end":{"line":351,"column":129}}],"line":351},"66":{"loc":{"start":{"line":352,"column":24},"end":{"line":354,"column":25}},"type":"if","locations":[{"start":{"line":352,"column":24},"end":{"line":354,"column":25}},{"start":{"line":352,"column":24},"end":{"line":354,"column":25}}],"line":352},"67":{"loc":{"start":{"line":352,"column":28},"end":{"line":352,"column":53}},"type":"binary-expr","locations":[{"start":{"line":352,"column":28},"end":{"line":352,"column":33}},{"start":{"line":352,"column":37},"end":{"line":352,"column":53}}],"line":352},"68":{"loc":{"start":{"line":358,"column":24},"end":{"line":358,"column":69}},"type":"if","locations":[{"start":{"line":358,"column":24},"end":{"line":358,"column":69}},{"start":{"line":358,"column":24},"end":{"line":358,"column":69}}],"line":358},"69":{"loc":{"start":{"line":365,"column":24},"end":{"line":371,"column":25}},"type":"if","locations":[{"start":{"line":365,"column":24},"end":{"line":371,"column":25}},{"start":{"line":365,"column":24},"end":{"line":371,"column":25}}],"line":365},"70":{"loc":{"start":{"line":365,"column":28},"end":{"line":365,"column":106}},"type":"binary-expr","locations":[{"start":{"line":365,"column":28},"end":{"line":365,"column":41}},{"start":{"line":365,"column":45},"end":{"line":365,"column":82}},{"start":{"line":365,"column":86},"end":{"line":365,"column":106}}],"line":365},"71":{"loc":{"start":{"line":406,"column":4},"end":{"line":408,"column":5}},"type":"if","locations":[{"start":{"line":406,"column":4},"end":{"line":408,"column":5}},{"start":{"line":406,"column":4},"end":{"line":408,"column":5}}],"line":406},"72":{"loc":{"start":{"line":406,"column":8},"end":{"line":406,"column":24}},"type":"binary-expr","locations":[{"start":{"line":406,"column":8},"end":{"line":406,"column":13}},{"start":{"line":406,"column":17},"end":{"line":406,"column":24}}],"line":406},"73":{"loc":{"start":{"line":422,"column":15},"end":{"line":422,"column":35}},"type":"binary-expr","locations":[{"start":{"line":422,"column":15},"end":{"line":422,"column":27}},{"start":{"line":422,"column":31},"end":{"line":422,"column":35}}],"line":422},"74":{"loc":{"start":{"line":423,"column":15},"end":{"line":423,"column":31}},"type":"binary-expr","locations":[{"start":{"line":423,"column":15},"end":{"line":423,"column":25}},{"start":{"line":423,"column":29},"end":{"line":423,"column":31}}],"line":423},"75":{"loc":{"start":{"line":425,"column":28},"end":{"line":425,"column":100}},"type":"binary-expr","locations":[{"start":{"line":425,"column":28},"end":{"line":425,"column":40}},{"start":{"line":425,"column":44},"end":{"line":425,"column":60}},{"start":{"line":425,"column":64},"end":{"line":425,"column":100}}],"line":425},"76":{"loc":{"start":{"line":426,"column":4},"end":{"line":428,"column":5}},"type":"if","locations":[{"start":{"line":426,"column":4},"end":{"line":428,"column":5}},{"start":{"line":426,"column":4},"end":{"line":428,"column":5}}],"line":426},"77":{"loc":{"start":{"line":426,"column":8},"end":{"line":426,"column":57}},"type":"binary-expr","locations":[{"start":{"line":426,"column":8},"end":{"line":426,"column":20}},{"start":{"line":426,"column":24},"end":{"line":426,"column":36}},{"start":{"line":426,"column":40},"end":{"line":426,"column":57}}],"line":426},"78":{"loc":{"start":{"line":442,"column":24},"end":{"line":442,"column":97}},"type":"binary-expr","locations":[{"start":{"line":442,"column":24},"end":{"line":442,"column":59}},{"start":{"line":442,"column":63},"end":{"line":442,"column":97}}],"line":442},"79":{"loc":{"start":{"line":443,"column":4},"end":{"line":445,"column":5}},"type":"if","locations":[{"start":{"line":443,"column":4},"end":{"line":445,"column":5}},{"start":{"line":443,"column":4},"end":{"line":445,"column":5}}],"line":443},"80":{"loc":{"start":{"line":443,"column":8},"end":{"line":443,"column":35}},"type":"binary-expr","locations":[{"start":{"line":443,"column":8},"end":{"line":443,"column":18}},{"start":{"line":443,"column":22},"end":{"line":443,"column":35}}],"line":443},"81":{"loc":{"start":{"line":456,"column":19},"end":{"line":456,"column":69}},"type":"binary-expr","locations":[{"start":{"line":456,"column":19},"end":{"line":456,"column":32}},{"start":{"line":456,"column":36},"end":{"line":456,"column":69}}],"line":456},"82":{"loc":{"start":{"line":468,"column":4},"end":{"line":481,"column":5}},"type":"if","locations":[{"start":{"line":468,"column":4},"end":{"line":481,"column":5}},{"start":{"line":468,"column":4},"end":{"line":481,"column":5}}],"line":468},"83":{"loc":{"start":{"line":468,"column":8},"end":{"line":470,"column":56}},"type":"binary-expr","locations":[{"start":{"line":468,"column":8},"end":{"line":468,"column":38}},{"start":{"line":469,"column":8},"end":{"line":469,"column":34}},{"start":{"line":470,"column":8},"end":{"line":470,"column":56}}],"line":468},"84":{"loc":{"start":{"line":473,"column":9},"end":{"line":481,"column":5}},"type":"if","locations":[{"start":{"line":473,"column":9},"end":{"line":481,"column":5}},{"start":{"line":473,"column":9},"end":{"line":481,"column":5}}],"line":473},"85":{"loc":{"start":{"line":476,"column":9},"end":{"line":481,"column":5}},"type":"if","locations":[{"start":{"line":476,"column":9},"end":{"line":481,"column":5}},{"start":{"line":476,"column":9},"end":{"line":481,"column":5}}],"line":476},"86":{"loc":{"start":{"line":479,"column":9},"end":{"line":481,"column":5}},"type":"if","locations":[{"start":{"line":479,"column":9},"end":{"line":481,"column":5}},{"start":{"line":479,"column":9},"end":{"line":481,"column":5}}],"line":479}},"s":{"0":18,"1":1,"2":0,"3":0,"4":0,"5":0,"6":0,"7":0,"8":0,"9":0,"10":1,"11":18,"12":2,"13":0,"14":22,"15":2,"16":2,"17":0,"18":0,"19":0,"20":0,"21":23,"22":22,"23":18,"24":22,"25":3,"26":0,"27":3,"28":22,"29":0,"30":66,"31":24,"32":24,"33":0,"34":24,"35":83,"36":83,"37":0,"38":83,"39":0,"40":83,"41":24,"42":24,"43":2,"44":2,"45":0,"46":0,"47":0,"48":0,"49":0,"50":0,"51":0,"52":57,"53":22,"54":22,"55":35,"56":25,"57":25,"58":10,"59":1,"60":1,"61":1,"62":9,"63":0,"64":0,"65":0,"66":9,"67":0,"68":9,"69":9,"70":50,"71":2,"72":2,"73":83,"74":22,"75":1,"76":21,"77":18,"78":18,"79":18,"80":18,"81":18,"82":18,"83":18,"84":18,"85":18,"86":18,"87":18,"88":18,"89":18,"90":84,"91":84,"92":84,"93":84,"94":84,"95":25,"96":1,"97":1,"98":24,"99":84,"100":84,"101":3,"102":3,"103":3,"104":84,"105":7,"106":0,"107":0,"108":0,"109":0,"110":0,"111":0,"112":0,"113":0,"114":0,"115":0,"116":7,"117":0,"118":0,"119":0,"120":0,"121":0,"122":0,"123":0,"124":0,"125":0,"126":0,"127":18,"128":10,"129":10,"130":10,"131":19,"132":10,"133":10,"134":10,"135":10,"136":10,"137":1,"138":6,"139":6,"140":7,"141":6,"142":1,"143":5,"144":1,"145":1,"146":4,"147":1,"148":4,"149":10,"150":10,"151":10,"152":4,"153":6,"154":1,"155":10,"156":6,"157":10,"158":9,"159":9,"160":1,"161":1,"162":9,"163":1,"164":1,"165":9,"166":9,"167":8,"168":1,"169":1,"170":1,"171":9,"172":4,"173":9,"174":9,"175":0,"176":9,"177":9,"178":9,"179":9,"180":9,"181":0,"182":18,"183":13,"184":13,"185":9,"186":9,"187":9,"188":9,"189":9,"190":9,"191":9,"192":9,"193":9,"194":9,"195":9,"196":1,"197":1,"198":1,"199":9,"200":9,"201":9,"202":3,"203":4,"204":3,"205":3,"206":3,"207":3,"208":2,"209":1,"210":13,"211":18,"212":12,"213":12,"214":31,"215":12,"216":12,"217":3,"218":9,"219":9,"220":9,"221":8,"222":1,"223":1,"224":1,"225":1,"226":8,"227":5,"228":3,"229":7,"230":8,"231":1,"232":1,"233":1,"234":1,"235":8,"236":8,"237":6,"238":2,"239":2,"240":8,"241":18,"242":18,"243":10,"244":7,"245":3,"246":6,"247":6,"248":9,"249":9,"250":9,"251":9,"252":9,"253":3,"254":9,"255":3,"256":3,"257":3,"258":3,"259":3,"260":3,"261":2,"262":3,"263":25,"264":9,"265":1,"266":8,"267":1,"268":7,"269":1,"270":6,"271":1,"272":9,"273":9},"f":{"0":1,"1":0,"2":22,"3":2,"4":0,"5":22,"6":2,"7":0,"8":23,"9":22,"10":3,"11":0,"12":66,"13":24,"14":24,"15":18,"16":84,"17":0,"18":0,"19":0,"20":0,"21":10,"22":10,"23":19,"24":6,"25":7,"26":6,"27":6,"28":4,"29":9,"30":0,"31":13,"32":12,"33":12,"34":31,"35":10,"36":6,"37":9,"38":3,"39":25,"40":9},"b":{"0":[18,18,18],"1":[1,0],"2":[0,0],"3":[18,18,18],"4":[2,0],"5":[22,22],"6":[21,2],"7":[22,22],"8":[18,18,18],"9":[0,3],"10":[22,22],"11":[0,24],"12":[0,83],"13":[83,0,0],"14":[0,0],"15":[0,0],"16":[0,0],"17":[0,0],"18":[0,83],"19":[24,24,2,0,0,57],"20":[22,35],"21":[57,38,37],"22":[57,19],"23":[25,10],"24":[35,33,17,17],"25":[1,9],"26":[10,1],"27":[0,9],"28":[9,9],"29":[0,9],"30":[1,21],"31":[21,0],"32":[84,4],"33":[25,59],"34":[1,24],"35":[1,0],"36":[3,81],"37":[7,77],"38":[84,77],"39":[10,1,9],"40":[1,9],"41":[1,5],"42":[7,6],"43":[1,5],"44":[6,1],"45":[1,4],"46":[1,3],"47":[4,2],"48":[4,6],"49":[10,10],"50":[1,5],"51":[6,4],"52":[10,9],"53":[1,8],"54":[1,8],"55":[9,8],"56":[8,1],"57":[9,4],"58":[0,9],"59":[9,4],"60":[9,5],"61":[3,6],"62":[3,1],"63":[2,1],"64":[12,9,1,8,8,1,8],"65":[12,2],"66":[3,9],"67":[12,11],"68":[8,1],"69":[5,3],"70":[8,8,6],"71":[7,3],"72":[10,9],"73":[9,0],"74":[9,0],"75":[9,1,1],"76":[3,6],"77":[9,8,7],"78":[3,3],"79":[2,1],"80":[3,2],"81":[25,8],"82":[1,8],"83":[9,1,1],"84":[1,7],"85":[1,6],"86":[1,5]},"_coverageSchema":"1a1c01bbd47fc00a2c39e90264f33305004495a9","hash":"3de98634f5b57d82731420c1431d04934a55ffb2"}
,"/home/travis/build/IBM/node-sdk-core/dist/lib/sdk-test-helpers.js": {"path":"/home/travis/build/IBM/node-sdk-core/dist/lib/sdk-test-helpers.js","statementMap":{"0":{"start":{"line":17,"column":0},"end":{"line":17,"column":62}},"1":{"start":{"line":18,"column":13},"end":{"line":18,"column":30}},"2":{"start":{"line":34,"column":4},"end":{"line":34,"column":37}},"3":{"start":{"line":35,"column":4},"end":{"line":35,"column":43}},"4":{"start":{"line":37,"column":0},"end":{"line":37,"column":46}},"5":{"start":{"line":49,"column":18},"end":{"line":49,"column":75}},"6":{"start":{"line":50,"column":4},"end":{"line":50,"column":43}},"7":{"start":{"line":51,"column":4},"end":{"line":51,"column":57}},"8":{"start":{"line":53,"column":0},"end":{"line":53,"column":46}},"9":{"start":{"line":65,"column":18},"end":{"line":65,"column":75}},"10":{"start":{"line":66,"column":4},"end":{"line":66,"column":61}},"11":{"start":{"line":68,"column":0},"end":{"line":68,"column":42}},"12":{"start":{"line":77,"column":20},"end":{"line":77,"column":54}},"13":{"start":{"line":78,"column":4},"end":{"line":78,"column":47}},"14":{"start":{"line":80,"column":0},"end":{"line":80,"column":66}},"15":{"start":{"line":90,"column":4},"end":{"line":90,"column":54}},"16":{"start":{"line":92,"column":0},"end":{"line":92,"column":32}},"17":{"start":{"line":101,"column":4},"end":{"line":101,"column":52}},"18":{"start":{"line":103,"column":0},"end":{"line":103,"column":46}}},"fnMap":{"0":{"name":"checkUrlAndMethod","decl":{"start":{"line":33,"column":9},"end":{"line":33,"column":26}},"loc":{"start":{"line":33,"column":49},"end":{"line":36,"column":1}},"line":33},"1":{"name":"checkMediaHeaders","decl":{"start":{"line":48,"column":9},"end":{"line":48,"column":26}},"loc":{"start":{"line":48,"column":67},"end":{"line":52,"column":1}},"line":48},"2":{"name":"checkUserHeader","decl":{"start":{"line":64,"column":9},"end":{"line":64,"column":24}},"loc":{"start":{"line":64,"column":77},"end":{"line":67,"column":1}},"line":64},"3":{"name":"checkForSuccessfulExecution","decl":{"start":{"line":76,"column":9},"end":{"line":76,"column":36}},"loc":{"start":{"line":76,"column":56},"end":{"line":79,"column":1}},"line":76},"4":{"name":"getOptions","decl":{"start":{"line":89,"column":9},"end":{"line":89,"column":19}},"loc":{"start":{"line":89,"column":39},"end":{"line":91,"column":1}},"line":89},"5":{"name":"expectToBePromise","decl":{"start":{"line":100,"column":9},"end":{"line":100,"column":26}},"loc":{"start":{"line":100,"column":39},"end":{"line":102,"column":1}},"line":100}},"branchMap":{},"s":{"0":1,"1":1,"2":0,"3":0,"4":1,"5":0,"6":0,"7":0,"8":1,"9":0,"10":0,"11":1,"12":0,"13":0,"14":1,"15":0,"16":1,"17":0,"18":1},"f":{"0":0,"1":0,"2":0,"3":0,"4":0,"5":0},"b":{},"_coverageSchema":"1a1c01bbd47fc00a2c39e90264f33305004495a9","hash":"4545347a9d5de92c88ed04826ffe2be83999a71d"}
,"/home/travis/build/IBM/node-sdk-core/dist/lib/stream-to-promise.js": {"path":"/home/travis/build/IBM/node-sdk-core/dist/lib/stream-to-promise.js","statementMap":{"0":{"start":{"line":2,"column":0},"end":{"line":2,"column":62}},"1":{"start":{"line":11,"column":4},"end":{"line":11,"column":28}},"2":{"start":{"line":12,"column":4},"end":{"line":22,"column":7}},"3":{"start":{"line":13,"column":22},"end":{"line":13,"column":24}},"4":{"start":{"line":14,"column":8},"end":{"line":21,"column":33}},"5":{"start":{"line":16,"column":12},"end":{"line":16,"column":33}},"6":{"start":{"line":19,"column":12},"end":{"line":19,"column":95}},"7":{"start":{"line":24,"column":0},"end":{"line":24,"column":42}}},"fnMap":{"0":{"name":"streamToPromise","decl":{"start":{"line":10,"column":9},"end":{"line":10,"column":24}},"loc":{"start":{"line":10,"column":33},"end":{"line":23,"column":1}},"line":10},"1":{"name":"(anonymous_1)","decl":{"start":{"line":12,"column":23},"end":{"line":12,"column":24}},"loc":{"start":{"line":12,"column":50},"end":{"line":22,"column":5}},"line":12},"2":{"name":"(anonymous_2)","decl":{"start":{"line":15,"column":24},"end":{"line":15,"column":25}},"loc":{"start":{"line":15,"column":42},"end":{"line":17,"column":9}},"line":15},"3":{"name":"(anonymous_3)","decl":{"start":{"line":18,"column":23},"end":{"line":18,"column":24}},"loc":{"start":{"line":18,"column":35},"end":{"line":20,"column":9}},"line":18}},"branchMap":{"0":{"loc":{"start":{"line":11,"column":13},"end":{"line":11,"column":27}},"type":"binary-expr","locations":[{"start":{"line":11,"column":13},"end":{"line":11,"column":19}},{"start":{"line":11,"column":23},"end":{"line":11,"column":27}}],"line":11},"1":{"loc":{"start":{"line":19,"column":20},"end":{"line":19,"column":93}},"type":"cond-expr","locations":[{"start":{"line":19,"column":50},"end":{"line":19,"column":83}},{"start":{"line":19,"column":86},"end":{"line":19,"column":93}}],"line":19}},"s":{"0":19,"1":3,"2":3,"3":3,"4":3,"5":3,"6":3,"7":19},"f":{"0":3,"1":3,"2":3,"3":3},"b":{"0":[3,0],"1":[1,2]},"_coverageSchema":"1a1c01bbd47fc00a2c39e90264f33305004495a9","hash":"dd1f017d9adc4112dc5c092e01c6518c9bb9e898"}
}
