TN:
SF:dist/index.js
FN:17,__export
FNF:1
FNH:1
FNDA:3,__export
DA:18,33
DA:20,1
DA:24,1
DA:25,1
DA:26,1
DA:27,1
DA:28,1
DA:29,1
DA:30,1
DA:31,1
DA:32,1
DA:33,1
DA:34,1
LF:13
LH:13
BRDA:18,0,0,33
BRDA:18,0,1,0
BRF:2
BRH:1
end_of_record
TN:
SF:dist/auth/index.js
FN:17,__export
FNF:1
FNH:1
FNDA:48,__export
DA:18,320
DA:20,16
DA:21,16
DA:22,16
DA:23,16
LF:5
LH:5
BRDA:18,0,0,320
BRDA:18,0,1,0
BRF:2
BRH:1
end_of_record
TN:
SF:dist/auth/authenticators/authenticator.js
FN:8,(anonymous_0)
FN:15,Authenticator
FN:29,(anonymous_2)
FNF:3
FNH:2
FNDA:17,(anonymous_0)
FNDA:43,Authenticator
FNDA:0,(anonymous_2)
DA:3,17
DA:8,17
DA:16,43
DA:17,1
DA:29,17
DA:30,0
DA:31,0
DA:33,17
DA:35,17
LF:9
LH:7
BRDA:16,0,0,1
BRDA:16,0,1,42
BRF:2
BRH:2
end_of_record
TN:
SF:dist/auth/authenticators/basic-authenticator.js
FN:17,(anonymous_0)
FN:18,(anonymous_1)
FN:20,(anonymous_2)
FN:21,(anonymous_3)
FN:24,(anonymous_4)
FN:26,__
FN:43,(anonymous_6)
FN:53,BasicAuthenticator
FN:72,(anonymous_8)
FN:74,(anonymous_9)
FNF:10
FNH:8
FNDA:16,(anonymous_0)
FNDA:16,(anonymous_1)
FNDA:0,(anonymous_2)
FNDA:0,(anonymous_3)
FNDA:16,(anonymous_4)
FNDA:16,__
FNDA:16,(anonymous_6)
FNDA:7,BasicAuthenticator
FNDA:1,(anonymous_8)
FNDA:1,(anonymous_9)
DA:17,16
DA:18,16
DA:19,16
DA:20,0
DA:21,0
DA:22,16
DA:24,16
DA:25,16
DA:26,16
DA:27,16
DA:30,16
DA:31,16
DA:32,16
DA:33,16
DA:43,16
DA:44,16
DA:54,7
DA:55,7
DA:56,7
DA:57,3
DA:58,3
DA:59,3
DA:60,3
DA:72,16
DA:73,1
DA:74,1
DA:75,1
DA:76,1
DA:79,16
DA:81,16
LF:30
LH:28
BRDA:17,0,0,16
BRDA:17,0,1,16
BRDA:17,0,2,16
BRDA:19,1,0,16
BRDA:19,1,1,0
BRDA:19,1,2,0
BRDA:19,1,3,0
BRDA:21,2,0,0
BRDA:21,2,1,0
BRDA:27,3,0,0
BRDA:27,3,1,16
BRDA:54,4,0,7
BRDA:54,4,1,7
BRF:13
BRH:7
end_of_record
TN:
SF:dist/auth/authenticators/bearer-token-authenticator.js
FN:17,(anonymous_0)
FN:18,(anonymous_1)
FN:20,(anonymous_2)
FN:21,(anonymous_3)
FN:24,(anonymous_4)
FN:26,__
FN:42,(anonymous_6)
FN:52,BearerTokenAuthenticator
FN:65,(anonymous_8)
FN:79,(anonymous_9)
FN:81,(anonymous_10)
FNF:11
FNH:9
FNDA:16,(anonymous_0)
FNDA:16,(anonymous_1)
FNDA:0,(anonymous_2)
FNDA:0,(anonymous_3)
FNDA:16,(anonymous_4)
FNDA:16,__
FNDA:16,(anonymous_6)
FNDA:5,BearerTokenAuthenticator
FNDA:1,(anonymous_8)
FNDA:1,(anonymous_9)
FNDA:1,(anonymous_10)
DA:17,16
DA:18,16
DA:19,16
DA:20,0
DA:21,0
DA:22,16
DA:24,16
DA:25,16
DA:26,16
DA:27,16
DA:30,16
DA:31,16
DA:32,16
DA:33,16
DA:42,16
DA:43,16
DA:53,5
DA:54,5
DA:55,5
DA:56,4
DA:57,4
DA:65,16
DA:66,1
DA:79,16
DA:80,1
DA:81,1
DA:82,1
DA:83,1
DA:84,1
DA:87,16
DA:89,16
LF:31
LH:29
BRDA:17,0,0,16
BRDA:17,0,1,16
BRDA:17,0,2,16
BRDA:19,1,0,16
BRDA:19,1,1,0
BRDA:19,1,2,0
BRDA:19,1,3,0
BRDA:21,2,0,0
BRDA:21,2,1,0
BRDA:27,3,0,0
BRDA:27,3,1,16
BRDA:53,4,0,5
BRDA:53,4,1,5
BRF:13
BRH:7
end_of_record
TN:
SF:dist/auth/authenticators/cloud-pak-for-data-authenticator.js
FN:17,(anonymous_0)
FN:18,(anonymous_1)
FN:20,(anonymous_2)
FN:21,(anonymous_3)
FN:24,(anonymous_4)
FN:26,__
FN:41,(anonymous_6)
FN:58,CloudPakForDataAuthenticator
FNF:8
FNH:6
FNDA:16,(anonymous_0)
FNDA:16,(anonymous_1)
FNDA:0,(anonymous_2)
FNDA:0,(anonymous_3)
FNDA:16,(anonymous_4)
FNDA:16,__
FNDA:16,(anonymous_6)
FNDA:13,CloudPakForDataAuthenticator
DA:17,16
DA:18,16
DA:19,16
DA:20,0
DA:21,0
DA:22,16
DA:24,16
DA:25,16
DA:26,16
DA:27,16
DA:30,16
DA:31,16
DA:32,16
DA:41,16
DA:42,16
DA:59,13
DA:60,13
DA:61,13
DA:62,13
DA:63,13
DA:67,13
DA:68,6
DA:70,16
DA:72,16
LF:24
LH:22
BRDA:17,0,0,16
BRDA:17,0,1,16
BRDA:17,0,2,16
BRDA:19,1,0,16
BRDA:19,1,1,0
BRDA:19,1,2,0
BRDA:19,1,3,0
BRDA:21,2,0,0
BRDA:21,2,1,0
BRDA:27,3,0,0
BRDA:27,3,1,16
BRDA:59,4,0,13
BRDA:59,4,1,0
BRF:13
BRH:6
end_of_record
TN:
SF:dist/auth/authenticators/iam-authenticator.js
FN:17,(anonymous_0)
FN:18,(anonymous_1)
FN:20,(anonymous_2)
FN:21,(anonymous_3)
FN:24,(anonymous_4)
FN:26,__
FN:45,(anonymous_6)
FN:66,IamAuthenticator
FN:86,(anonymous_8)
FN:96,(anonymous_9)
FN:107,(anonymous_10)
FNF:11
FNH:8
FNDA:16,(anonymous_0)
FNDA:16,(anonymous_1)
FNDA:0,(anonymous_2)
FNDA:0,(anonymous_3)
FNDA:16,(anonymous_4)
FNDA:16,__
FNDA:16,(anonymous_6)
FNDA:12,IamAuthenticator
FNDA:1,(anonymous_8)
FNDA:1,(anonymous_9)
FNDA:0,(anonymous_10)
DA:17,16
DA:18,16
DA:19,16
DA:20,0
DA:21,0
DA:22,16
DA:24,16
DA:25,16
DA:26,16
DA:27,16
DA:30,16
DA:31,16
DA:32,16
DA:33,16
DA:45,16
DA:46,16
DA:67,12
DA:68,11
DA:69,11
DA:70,10
DA:71,10
DA:72,10
DA:73,10
DA:76,10
DA:77,10
DA:86,16
DA:87,1
DA:88,1
DA:90,1
DA:96,16
DA:97,1
DA:99,1
DA:107,16
DA:108,0
DA:110,16
DA:112,16
LF:36
LH:33
BRDA:17,0,0,16
BRDA:17,0,1,16
BRDA:17,0,2,16
BRDA:19,1,0,16
BRDA:19,1,1,0
BRDA:19,1,2,0
BRDA:19,1,3,0
BRDA:21,2,0,0
BRDA:21,2,1,0
BRDA:27,3,0,0
BRDA:27,3,1,16
BRDA:67,4,0,12
BRDA:67,4,1,0
BRF:13
BRH:6
end_of_record
TN:
SF:dist/auth/authenticators/index.js
FNF:0
FNH:0
DA:17,16
DA:18,16
DA:19,16
DA:20,16
DA:21,16
DA:22,16
DA:23,16
DA:24,16
DA:25,16
DA:26,16
DA:27,16
DA:28,16
DA:29,16
DA:30,16
DA:31,16
LF:15
LH:15
BRF:0
BRH:0
end_of_record
TN:
SF:dist/auth/authenticators/no-auth-authenticator.js
FN:3,(anonymous_0)
FN:4,(anonymous_1)
FN:6,(anonymous_2)
FN:7,(anonymous_3)
FN:10,(anonymous_4)
FN:12,__
FN:38,(anonymous_6)
FN:40,NoAuthAuthenticator
FN:43,(anonymous_8)
FNF:9
FNH:7
FNDA:16,(anonymous_0)
FNDA:16,(anonymous_1)
FNDA:0,(anonymous_2)
FNDA:0,(anonymous_3)
FNDA:16,(anonymous_4)
FNDA:16,__
FNDA:16,(anonymous_6)
FNDA:2,NoAuthAuthenticator
FNDA:1,(anonymous_8)
DA:3,16
DA:4,16
DA:5,16
DA:6,0
DA:7,0
DA:8,16
DA:10,16
DA:11,16
DA:12,16
DA:13,16
DA:16,16
DA:32,16
DA:38,16
DA:39,16
DA:41,2
DA:43,16
DA:45,1
DA:47,16
DA:49,16
LF:19
LH:17
BRDA:3,0,0,16
BRDA:3,0,1,16
BRDA:3,0,2,16
BRDA:5,1,0,16
BRDA:5,1,1,0
BRDA:5,1,2,0
BRDA:5,1,3,0
BRDA:7,2,0,0
BRDA:7,2,1,0
BRDA:13,3,0,0
BRDA:13,3,1,16
BRDA:41,4,0,2
BRDA:41,4,1,2
BRDA:41,4,2,2
BRF:14
BRH:8
end_of_record
TN:
SF:dist/auth/authenticators/token-request-based-authenticator.js
FN:17,(anonymous_0)
FN:18,(anonymous_1)
FN:20,(anonymous_2)
FN:21,(anonymous_3)
FN:24,(anonymous_4)
FN:26,__
FN:45,(anonymous_6)
FN:58,TokenRequestBasedAuthenticator
FN:74,(anonymous_8)
FN:86,(anonymous_9)
FN:106,(anonymous_10)
FN:107,(anonymous_11)
FNF:12
FNH:10
FNDA:16,(anonymous_0)
FNDA:16,(anonymous_1)
FNDA:0,(anonymous_2)
FNDA:0,(anonymous_3)
FNDA:16,(anonymous_4)
FNDA:16,__
FNDA:16,(anonymous_6)
FNDA:28,TokenRequestBasedAuthenticator
FNDA:2,(anonymous_8)
FNDA:3,(anonymous_9)
FNDA:3,(anonymous_10)
FNDA:2,(anonymous_11)
DA:17,16
DA:18,16
DA:19,16
DA:20,0
DA:21,0
DA:22,16
DA:24,16
DA:25,16
DA:26,16
DA:27,16
DA:30,16
DA:31,16
DA:32,16
DA:33,16
DA:45,16
DA:46,16
DA:59,28
DA:60,28
DA:61,27
DA:63,27
DA:64,27
DA:65,27
DA:74,16
DA:77,2
DA:78,2
DA:86,16
DA:87,3
DA:89,1
DA:91,2
DA:92,2
DA:106,16
DA:107,3
DA:108,2
DA:109,2
DA:112,16
DA:114,16
LF:36
LH:34
BRDA:17,0,0,16
BRDA:17,0,1,16
BRDA:17,0,2,16
BRDA:19,1,0,16
BRDA:19,1,1,0
BRDA:19,1,2,0
BRDA:19,1,3,0
BRDA:21,2,0,0
BRDA:21,2,1,0
BRDA:27,3,0,0
BRDA:27,3,1,16
BRDA:59,4,0,28
BRDA:59,4,1,28
BRDA:63,5,0,27
BRDA:63,5,1,15
BRDA:87,6,0,1
BRDA:87,6,1,2
BRF:17
BRH:11
end_of_record
TN:
SF:dist/auth/token-managers/cp4d-token-manager.js
FN:17,(anonymous_0)
FN:18,(anonymous_1)
FN:20,(anonymous_2)
FN:21,(anonymous_3)
FN:24,(anonymous_4)
FN:26,__
FN:40,(anonymous_6)
FN:57,Cp4dTokenManager
FN:75,(anonymous_8)
FNF:9
FNH:7
FNDA:16,(anonymous_0)
FNDA:16,(anonymous_1)
FNDA:0,(anonymous_2)
FNDA:0,(anonymous_3)
FNDA:16,(anonymous_4)
FNDA:16,__
FNDA:16,(anonymous_6)
FNDA:24,Cp4dTokenManager
FNDA:2,(anonymous_8)
DA:17,16
DA:18,16
DA:19,16
DA:20,0
DA:21,0
DA:22,16
DA:24,16
DA:25,16
DA:26,16
DA:27,16
DA:30,16
DA:31,16
DA:32,16
DA:33,16
DA:40,16
DA:41,16
DA:58,24
DA:59,24
DA:60,24
DA:61,24
DA:62,4
DA:64,20
DA:65,13
DA:67,13
DA:68,12
DA:70,13
DA:71,13
DA:72,13
DA:73,13
DA:75,16
DA:77,2
DA:80,2
DA:93,2
DA:95,16
DA:97,16
LF:35
LH:33
BRDA:17,0,0,16
BRDA:17,0,1,16
BRDA:17,0,2,16
BRDA:19,1,0,16
BRDA:19,1,1,0
BRDA:19,1,2,0
BRDA:19,1,3,0
BRDA:21,2,0,0
BRDA:21,2,1,0
BRDA:27,3,0,0
BRDA:27,3,1,16
BRDA:58,4,0,24
BRDA:58,4,1,0
BRDA:61,5,0,4
BRDA:61,5,1,20
BRDA:61,6,0,24
BRDA:61,6,1,6
BRDA:61,6,2,22
BRDA:61,6,3,18
BRDA:67,7,0,12
BRDA:67,7,1,1
BRDA:67,8,0,13
BRDA:67,8,1,13
BRF:23
BRH:16
end_of_record
TN:
SF:dist/auth/token-managers/iam-token-manager.js
FN:17,(anonymous_0)
FN:18,(anonymous_1)
FN:20,(anonymous_2)
FN:21,(anonymous_3)
FN:24,(anonymous_4)
FN:26,__
FN:45,onlyOne
FN:55,removeSuffix
FN:70,(anonymous_8)
FN:90,IamTokenManager
FN:120,(anonymous_10)
FN:134,(anonymous_11)
FN:148,(anonymous_12)
FN:159,(anonymous_13)
FN:171,(anonymous_14)
FNF:15
FNH:13
FNDA:16,(anonymous_0)
FNDA:16,(anonymous_1)
FNDA:0,(anonymous_2)
FNDA:0,(anonymous_3)
FNDA:16,(anonymous_4)
FNDA:16,__
FNDA:37,onlyOne
FNDA:9,removeSuffix
FNDA:16,(anonymous_8)
FNDA:33,IamTokenManager
FNDA:3,(anonymous_10)
FNDA:5,(anonymous_11)
FNDA:1,(anonymous_12)
FNDA:17,(anonymous_13)
FNDA:16,(anonymous_14)
DA:17,16
DA:18,16
DA:19,16
DA:20,0
DA:21,0
DA:22,16
DA:24,16
DA:25,16
DA:26,16
DA:27,16
DA:30,16
DA:31,16
DA:32,16
DA:33,16
DA:34,16
DA:46,37
DA:56,9
DA:57,1
DA:59,9
DA:61,16
DA:62,16
DA:63,16
DA:64,16
DA:70,16
DA:71,16
DA:91,33
DA:92,33
DA:93,33
DA:94,32
DA:96,32
DA:97,32
DA:98,7
DA:100,32
DA:101,7
DA:103,32
DA:104,7
DA:106,32
DA:108,2
DA:110,32
DA:120,16
DA:121,3
DA:134,16
DA:135,5
DA:136,5
DA:137,5
DA:139,2
DA:148,16
DA:149,1
DA:159,16
DA:160,17
DA:161,17
DA:162,17
DA:163,16
DA:171,16
DA:173,16
DA:177,16
DA:178,2
DA:180,16
DA:193,16
DA:194,2
DA:196,16
DA:198,16
DA:200,16
LF:63
LH:61
BRDA:17,0,0,16
BRDA:17,0,1,16
BRDA:17,0,2,16
BRDA:19,1,0,16
BRDA:19,1,1,0
BRDA:19,1,2,0
BRDA:19,1,3,0
BRDA:21,2,0,0
BRDA:21,2,1,0
BRDA:27,3,0,0
BRDA:27,3,1,16
BRDA:46,4,0,37
BRDA:46,4,1,10
BRDA:46,4,2,35
BRDA:46,4,3,10
BRDA:56,5,0,1
BRDA:56,5,1,8
BRDA:91,6,0,33
BRDA:91,6,1,0
BRDA:96,7,0,9
BRDA:96,7,1,23
BRDA:97,8,0,7
BRDA:97,8,1,25
BRDA:100,9,0,7
BRDA:100,9,1,25
BRDA:103,10,0,7
BRDA:103,10,1,25
BRDA:106,11,0,2
BRDA:106,11,1,30
BRDA:137,12,0,2
BRDA:137,12,1,3
BRDA:161,13,0,17
BRDA:161,13,1,0
BRDA:162,14,0,16
BRDA:162,14,1,1
BRDA:177,15,0,2
BRDA:177,15,1,14
BRDA:177,16,0,16
BRDA:177,16,1,4
BRDA:193,17,0,2
BRDA:193,17,1,14
BRF:41
BRH:33
end_of_record
TN:
SF:dist/auth/token-managers/index.js
FNF:0
FNH:0
DA:17,16
DA:33,16
DA:34,16
DA:35,16
DA:36,16
DA:37,16
DA:38,16
DA:39,16
DA:40,16
LF:9
LH:9
BRF:0
BRH:0
end_of_record
TN:
SF:dist/auth/token-managers/jwt-token-manager.js
FN:3,(anonymous_0)
FN:4,(anonymous_1)
FN:6,(anonymous_2)
FN:7,(anonymous_3)
FN:10,(anonymous_4)
FN:12,__
FN:16,(anonymous_6)
FN:17,(anonymous_7)
FN:52,(anonymous_8)
FN:65,JwtTokenManager
FN:79,(anonymous_10)
FN:92,(anonymous_11)
FNF:12
FNH:9
FNDA:16,(anonymous_0)
FNDA:16,(anonymous_1)
FNDA:0,(anonymous_2)
FNDA:0,(anonymous_3)
FNDA:16,(anonymous_4)
FNDA:16,__
FNDA:2,(anonymous_6)
FNDA:0,(anonymous_7)
FNDA:16,(anonymous_8)
FNDA:105,JwtTokenManager
FNDA:1,(anonymous_10)
FNDA:26,(anonymous_11)
DA:3,16
DA:4,16
DA:5,16
DA:6,0
DA:7,0
DA:8,16
DA:10,16
DA:11,16
DA:12,16
DA:13,16
DA:16,16
DA:17,2
DA:18,0
DA:19,0
DA:20,0
DA:21,0
DA:23,0
DA:25,2
DA:27,16
DA:43,16
DA:44,16
DA:45,16
DA:52,16
DA:53,16
DA:66,105
DA:68,105
DA:69,105
DA:70,105
DA:71,105
DA:72,105
DA:79,16
DA:80,1
DA:81,1
DA:82,1
DA:83,1
DA:92,16
DA:93,26
DA:94,26
DA:95,26
DA:96,3
DA:97,3
DA:98,3
DA:102,23
DA:103,23
DA:104,0
DA:105,0
DA:106,0
DA:108,23
DA:110,23
DA:111,1
DA:112,1
DA:115,22
DA:116,22
DA:117,22
DA:118,22
DA:120,23
DA:122,16
DA:124,16
LF:58
LH:48
BRDA:3,0,0,16
BRDA:3,0,1,16
BRDA:3,0,2,16
BRDA:5,1,0,16
BRDA:5,1,1,0
BRDA:5,1,2,0
BRDA:5,1,3,0
BRDA:7,2,0,0
BRDA:7,2,1,0
BRDA:13,3,0,0
BRDA:13,3,1,16
BRDA:16,4,0,16
BRDA:16,4,1,16
BRDA:16,4,2,16
BRDA:17,5,0,2
BRDA:17,5,1,0
BRDA:20,6,0,0
BRDA:20,6,1,0
BRDA:68,7,0,105
BRDA:68,7,1,20
BRDA:69,8,0,105
BRDA:69,8,1,105
BRDA:93,9,0,26
BRDA:93,9,1,2
BRDA:95,10,0,3
BRDA:95,10,1,23
BRDA:103,11,0,0
BRDA:103,11,1,23
BRDA:110,12,0,1
BRDA:110,12,1,22
BRDA:110,13,0,23
BRDA:110,13,1,22
BRF:32
BRH:22
end_of_record
TN:
SF:dist/auth/token-managers/token-manager.js
FN:15,(anonymous_0)
FN:27,TokenManager
FN:46,(anonymous_2)
FN:50,(anonymous_3)
FN:54,(anonymous_4)
FN:68,(anonymous_5)
FN:79,(anonymous_6)
FN:97,(anonymous_7)
FN:102,(anonymous_8)
FN:108,(anonymous_9)
FN:110,(anonymous_10)
FN:117,(anonymous_11)
FN:118,(anonymous_12)
FN:130,(anonymous_13)
FN:146,(anonymous_14)
FN:156,(anonymous_15)
FN:171,(anonymous_16)
FNF:17
FNH:15
FNDA:16,(anonymous_0)
FNDA:105,TokenManager
FNDA:29,(anonymous_2)
FNDA:21,(anonymous_3)
FNDA:1,(anonymous_4)
FNDA:2,(anonymous_5)
FNDA:2,(anonymous_6)
FNDA:26,(anonymous_7)
FNDA:4,(anonymous_8)
FNDA:21,(anonymous_9)
FNDA:2,(anonymous_10)
FNDA:3,(anonymous_11)
FNDA:2,(anonymous_12)
FNDA:0,(anonymous_13)
FNDA:0,(anonymous_14)
FNDA:6,(anonymous_15)
FNDA:6,(anonymous_16)
DA:3,16
DA:4,16
DA:5,16
DA:6,16
DA:7,16
DA:15,16
DA:29,105
DA:30,105
DA:31,53
DA:34,105
DA:35,105
DA:37,105
DA:39,105
DA:46,16
DA:47,29
DA:48,29
DA:50,26
DA:53,3
DA:54,1
DA:55,1
DA:59,3
DA:68,16
DA:71,2
DA:79,16
DA:80,2
DA:82,0
DA:84,2
DA:97,16
DA:98,26
DA:99,26
DA:100,26
DA:102,4
DA:103,4
DA:106,22
DA:107,22
DA:109,21
DA:110,19
DA:111,2
DA:112,2
DA:114,19
DA:115,19
DA:118,3
DA:119,2
DA:120,2
DA:122,3
DA:130,16
DA:131,0
DA:132,0
DA:133,0
DA:134,0
DA:146,16
DA:147,0
DA:148,0
DA:156,16
DA:157,6
DA:158,6
DA:159,1
DA:161,5
DA:162,5
DA:171,16
DA:172,6
DA:173,6
DA:174,6
DA:175,3
DA:178,3
DA:179,3
DA:181,16
DA:183,16
LF:68
LH:61
BRDA:29,0,0,105
BRDA:29,0,1,0
BRDA:30,1,0,53
BRDA:30,1,1,52
BRDA:35,2,0,105
BRDA:35,2,1,84
BRDA:48,3,0,26
BRDA:48,3,1,3
BRDA:48,4,0,29
BRDA:48,4,1,3
BRDA:53,5,0,1
BRDA:53,5,1,2
BRDA:80,6,0,0
BRDA:80,6,1,2
BRDA:100,7,0,4
BRDA:100,7,1,22
BRDA:158,8,0,1
BRDA:158,8,1,5
BRDA:174,9,0,3
BRDA:174,9,1,3
BRDA:174,10,0,6
BRDA:174,10,1,5
BRF:22
BRH:20
end_of_record
TN:
SF:dist/auth/utils/get-authenticator-from-environment.js
FN:31,getAuthenticatorFromEnvironment
FNF:1
FNH:1
FNDA:11,getAuthenticatorFromEnvironment
DA:17,16
DA:18,16
DA:19,16
DA:32,11
DA:33,1
DA:36,10
DA:37,10
DA:38,1
DA:41,9
DA:42,9
DA:44,9
DA:45,2
DA:46,2
DA:48,9
DA:49,1
DA:50,1
DA:53,9
DA:54,9
DA:55,2
DA:60,9
DA:62,1
DA:63,1
DA:65,1
DA:66,1
DA:68,1
DA:69,1
DA:71,1
DA:72,1
DA:74,4
DA:75,4
DA:77,1
DA:79,8
DA:81,16
LF:33
LH:33
BRDA:32,0,0,1
BRDA:32,0,1,10
BRDA:37,1,0,1
BRDA:37,1,1,9
BRDA:44,2,0,2
BRDA:44,2,1,7
BRDA:48,3,0,1
BRDA:48,3,1,8
BRDA:54,4,0,2
BRDA:54,4,1,7
BRDA:54,5,0,9
BRDA:54,5,1,7
BRDA:60,6,0,1
BRDA:60,6,1,1
BRDA:60,6,2,1
BRDA:60,6,3,1
BRDA:60,6,4,4
BRDA:60,6,5,1
BRF:18
BRH:18
end_of_record
TN:
SF:dist/auth/utils/helpers.js
FN:26,computeBasicAuthHeader
FN:33,badCharAtAnEnd
FN:43,checkCredentials
FN:45,(anonymous_3)
FN:62,validateInput
FN:82,getCurrentTime
FNF:6
FNH:6
FNDA:5,computeBasicAuthHeader
FNDA:89,badCharAtAnEnd
FNDA:91,checkCredentials
FNDA:227,(anonymous_3)
FNDA:76,validateInput
FNDA:37,getCurrentTime
DA:17,16
DA:18,16
DA:27,5
DA:28,5
DA:30,16
DA:34,89
DA:44,91
DA:45,91
DA:46,227
DA:47,7
DA:50,91
DA:51,7
DA:53,7
DA:55,84
DA:57,16
DA:64,76
DA:65,76
DA:66,8
DA:70,68
DA:71,68
DA:72,68
DA:73,6
DA:76,16
DA:83,37
DA:85,16
LF:25
LH:25
BRDA:34,0,0,89
BRDA:34,0,1,86
BRDA:34,0,2,83
BRDA:34,0,3,82
BRDA:46,1,0,7
BRDA:46,1,1,220
BRDA:46,2,0,227
BRDA:46,2,1,89
BRDA:50,3,0,7
BRDA:50,3,1,84
BRDA:65,4,0,8
BRDA:65,4,1,68
BRDA:72,5,0,6
BRDA:72,5,1,62
BRF:14
BRH:14
end_of_record
TN:
SF:dist/auth/utils/index.js
FN:17,__export
FNF:1
FNH:1
FNDA:32,__export
DA:18,112
DA:20,16
DA:29,16
DA:30,16
DA:31,16
DA:32,16
DA:33,16
DA:34,16
LF:8
LH:8
BRDA:18,0,0,112
BRDA:18,0,1,0
BRF:2
BRH:1
end_of_record
TN:
SF:dist/auth/utils/read-credentials-file.js
FN:13,readCredentialsFile
FN:50,fileExistsAtPath
FN:58,constructFilepath
FNF:3
FNH:3
FNDA:19,readCredentialsFile
FNDA:38,fileExistsAtPath
FNDA:43,constructFilepath
DA:2,16
DA:3,16
DA:4,16
DA:5,16
DA:6,16
DA:7,16
DA:8,16
DA:14,19
DA:15,1
DA:21,18
DA:22,18
DA:23,18
DA:25,18
DA:26,4
DA:28,3
DA:30,1
DA:32,1
DA:35,14
DA:36,0
DA:38,14
DA:39,0
DA:43,14
DA:44,14
DA:46,4
DA:47,4
DA:49,16
DA:51,38
DA:52,8
DA:53,8
DA:55,30
DA:57,16
DA:60,43
DA:61,42
DA:63,43
DA:65,16
LF:35
LH:33
BRDA:14,0,0,1
BRDA:14,0,1,18
BRDA:21,1,0,18
BRDA:21,1,1,14
BRDA:25,2,0,4
BRDA:25,2,1,14
BRDA:26,3,0,3
BRDA:26,3,1,1
BRDA:30,4,0,1
BRDA:30,4,1,0
BRDA:35,5,0,0
BRDA:35,5,1,14
BRDA:38,6,0,0
BRDA:38,6,1,14
BRDA:51,7,0,8
BRDA:51,7,1,30
BRDA:53,8,0,8
BRDA:53,8,1,3
BRDA:60,9,0,42
BRDA:60,9,1,1
BRF:20
BRH:17
end_of_record
TN:
SF:dist/auth/utils/read-external-sources.js
FN:32,readExternalSources
FN:39,getProperties
FN:66,filterPropertiesByServiceName
FN:70,(anonymous_3)
FN:98,getVCAPCredentialsForService
FN:132,getPropertiesFromVCAP
FNF:6
FNH:6
FNDA:16,readExternalSources
FNDA:15,getProperties
FNDA:28,filterPropertiesByServiceName
FNDA:1830,(anonymous_3)
FNDA:8,getVCAPCredentialsForService
FNDA:8,getPropertiesFromVCAP
DA:3,16
DA:19,16
DA:20,16
DA:21,16
DA:22,16
DA:33,16
DA:34,1
DA:36,15
DA:38,16
DA:45,15
DA:46,15
DA:47,15
DA:48,13
DA:50,15
DA:51,8
DA:53,15
DA:67,28
DA:68,28
DA:70,28
DA:71,1830
DA:72,40
DA:73,40
DA:77,28
DA:78,3
DA:80,28
DA:81,3
DA:83,28
DA:84,1
DA:86,28
DA:99,8
DA:100,8
DA:101,8
DA:102,22
DA:103,22
DA:104,26
DA:105,26
DA:106,3
DA:107,2
DA:109,1
DA:110,1
DA:114,5
DA:115,9
DA:116,9
DA:117,5
DA:118,4
DA:119,4
DA:121,0
DA:122,0
DA:124,1
DA:125,1
DA:129,0
DA:130,0
DA:133,8
DA:136,8
DA:137,4
DA:139,8
LF:56
LH:52
BRDA:33,0,0,1
BRDA:33,0,1,15
BRDA:47,1,0,13
BRDA:47,1,1,2
BRDA:50,2,0,8
BRDA:50,2,1,7
BRDA:71,3,0,40
BRDA:71,3,1,1790
BRDA:77,4,0,3
BRDA:77,4,1,25
BRDA:80,5,0,3
BRDA:80,5,1,25
BRDA:83,6,0,1
BRDA:83,6,1,27
BRDA:99,7,0,8
BRDA:99,7,1,0
BRDA:105,8,0,3
BRDA:105,8,1,23
BRDA:106,9,0,2
BRDA:106,9,1,1
BRDA:116,10,0,5
BRDA:116,10,1,4
BRDA:117,11,0,4
BRDA:117,11,1,1
BRDA:118,12,0,4
BRDA:118,12,1,0
BRDA:136,13,0,4
BRDA:136,13,1,4
BRDA:136,14,0,8
BRDA:136,14,1,4
BRF:30
BRH:28
end_of_record
TN:
SF:dist/lib/base-service.js
FN:17,(anonymous_0)
FN:18,(anonymous_1)
FN:39,(anonymous_2)
FN:53,BaseService
FN:93,(anonymous_4)
FN:101,(anonymous_5)
FN:111,(anonymous_6)
FN:122,(anonymous_7)
FN:153,(anonymous_8)
FN:160,(anonymous_9)
FN:166,(anonymous_10)
FNF:11
FNH:10
FNDA:1,(anonymous_0)
FNDA:0,(anonymous_1)
FNDA:2,(anonymous_2)
FNDA:24,BaseService
FNDA:1,(anonymous_4)
FNDA:3,(anonymous_5)
FNDA:2,(anonymous_6)
FNDA:2,(anonymous_7)
FNDA:4,(anonymous_8)
FNDA:2,(anonymous_9)
FNDA:3,(anonymous_10)
DA:17,2
DA:18,1
DA:19,0
DA:20,0
DA:21,0
DA:22,0
DA:24,0
DA:26,1
DA:28,2
DA:29,2
DA:30,2
DA:31,2
DA:32,2
DA:39,2
DA:54,24
DA:55,1
DA:56,1
DA:57,1
DA:59,23
DA:60,23
DA:62,23
DA:63,1
DA:65,23
DA:66,4
DA:69,23
DA:70,23
DA:71,1
DA:72,1
DA:76,22
DA:77,21
DA:79,22
DA:80,22
DA:81,22
DA:83,22
DA:84,1
DA:86,21
DA:93,2
DA:94,1
DA:101,2
DA:102,3
DA:103,2
DA:111,2
DA:112,2
DA:114,2
DA:122,2
DA:123,2
DA:124,1
DA:125,1
DA:126,1
DA:128,1
DA:130,1
DA:153,2
DA:154,4
DA:156,4
DA:157,4
DA:158,1
DA:160,3
DA:162,2
DA:166,2
DA:167,3
DA:168,3
DA:169,3
DA:174,2
DA:175,2
DA:176,2
DA:178,2
DA:179,2
DA:181,2
DA:182,1
DA:185,3
DA:187,2
DA:189,2
LF:72
LH:67
BRDA:17,0,0,2
BRDA:17,0,1,2
BRDA:17,0,2,2
BRDA:18,1,0,1
BRDA:18,1,1,0
BRDA:21,2,0,0
BRDA:21,2,1,0
BRDA:54,3,0,1
BRDA:54,3,1,23
BRDA:62,4,0,1
BRDA:62,4,1,22
BRDA:62,5,0,23
BRDA:62,5,1,1
BRDA:65,6,0,4
BRDA:65,6,1,19
BRDA:70,7,0,1
BRDA:70,7,1,22
BRDA:76,8,0,21
BRDA:76,8,1,1
BRDA:83,9,0,1
BRDA:83,9,1,21
BRDA:102,10,0,2
BRDA:102,10,1,1
BRDA:123,11,0,1
BRDA:123,11,1,1
BRDA:156,12,0,4
BRDA:156,12,1,4
BRDA:157,13,0,1
BRDA:157,13,1,3
BRDA:157,14,0,4
BRDA:157,14,1,3
BRDA:169,15,0,2
BRDA:169,15,1,1
BRDA:175,16,0,2
BRDA:175,16,1,0
BRDA:178,17,0,2
BRDA:178,17,1,0
BRDA:181,18,0,1
BRDA:181,18,1,1
BRF:39
BRH:34
end_of_record
TN:
SF:dist/lib/content-type.js
FN:32,(anonymous_0)
FN:49,(anonymous_1)
FNF:2
FNH:2
FNDA:1,(anonymous_0)
FNDA:3,(anonymous_1)
DA:3,2
DA:4,2
DA:10,2
DA:17,2
DA:32,2
DA:33,1
DA:38,1
DA:49,2
DA:50,3
DA:53,3
DA:55,2
LF:11
LH:11
BRDA:38,0,0,1
BRDA:38,0,1,0
BRDA:52,1,0,3
BRDA:52,1,1,1
BRDA:52,1,2,2
BRDA:52,1,3,1
BRF:6
BRH:5
end_of_record
TN:
SF:dist/lib/helper.js
FN:17,(anonymous_0)
FN:31,isFileObject
FN:34,isFileStream
FN:37,isFileWithMetadata
FN:41,isFileData
FN:45,isEmptyObject
FN:54,getContentType
FN:73,stripTrailingSlash
FN:87,getQueryParam
FN:99,getMissingParams
FN:109,(anonymous_10)
FN:127,isMissing
FN:135,isHTML
FN:147,getFormat
FN:152,(anonymous_14)
FN:167,buildRequestFileObject
FN:214,toLowerKeys
FN:217,(anonymous_17)
FN:238,constructServiceUrl
FN:245,(anonymous_19)
FN:252,(anonymous_20)
FNF:21
FNH:21
FNDA:1,(anonymous_0)
FNDA:15,isFileObject
FNDA:30,isFileStream
FNDA:5,isFileWithMetadata
FNDA:16,isFileData
FNDA:12,isEmptyObject
FNDA:18,getContentType
FNDA:80,stripTrailingSlash
FNDA:9,getQueryParam
FNDA:92,getMissingParams
FNDA:107,(anonymous_10)
FNDA:107,isMissing
FNDA:6,isHTML
FNDA:8,getFormat
FNDA:7,(anonymous_14)
FNDA:15,buildRequestFileObject
FNDA:1,toLowerKeys
FNDA:5,(anonymous_17)
FNDA:4,constructServiceUrl
FNDA:6,(anonymous_19)
FNDA:9,(anonymous_20)
DA:17,31
DA:18,2
DA:19,1
DA:20,2
DA:21,6
DA:22,1
DA:24,31
DA:25,31
DA:26,31
DA:27,31
DA:28,31
DA:29,31
DA:32,15
DA:35,30
DA:38,5
DA:40,31
DA:42,16
DA:44,31
DA:46,12
DA:48,31
DA:55,18
DA:56,18
DA:58,11
DA:59,11
DA:61,7
DA:63,5
DA:65,18
DA:67,31
DA:75,80
DA:77,31
DA:89,9
DA:90,8
DA:92,31
DA:101,92
DA:102,8
DA:104,84
DA:105,6
DA:108,78
DA:109,78
DA:110,107
DA:111,7
DA:115,84
DA:119,31
DA:128,107
DA:136,6
DA:137,6
DA:139,31
DA:148,8
DA:149,4
DA:150,4
DA:152,7
DA:153,4
DA:154,2
DA:155,2
DA:156,2
DA:158,31
DA:169,15
DA:171,6
DA:172,6
DA:173,2
DA:180,9
DA:189,15
DA:190,1
DA:194,15
DA:195,15
DA:197,7
DA:200,15
DA:202,15
DA:203,13
DA:205,15
DA:207,31
DA:215,1
DA:216,1
DA:217,1
DA:219,5
DA:224,1
DA:226,31
DA:241,4
DA:242,1
DA:245,4
DA:246,6
DA:247,1
DA:251,3
DA:252,3
DA:254,9
DA:255,9
DA:256,9
DA:258,3
DA:260,31
LF:89
LH:89
BRDA:17,0,0,31
BRDA:17,0,1,31
BRDA:17,0,2,31
BRDA:32,1,0,15
BRDA:32,1,1,14
BRDA:35,2,0,30
BRDA:35,2,1,29
BRDA:35,2,2,18
BRDA:38,3,0,5
BRDA:38,3,1,5
BRDA:38,3,2,1
BRDA:42,4,0,16
BRDA:42,4,1,16
BRDA:42,4,2,5
BRDA:46,5,0,12
BRDA:46,5,1,10
BRDA:46,5,2,3
BRDA:56,6,0,11
BRDA:56,6,1,7
BRDA:59,7,0,11
BRDA:59,7,1,7
BRDA:61,8,0,5
BRDA:61,8,1,2
BRDA:65,9,0,12
BRDA:65,9,1,6
BRDA:101,10,0,8
BRDA:101,10,1,84
BRDA:104,11,0,6
BRDA:104,11,1,78
BRDA:110,12,0,7
BRDA:110,12,1,100
BRDA:115,13,0,11
BRDA:115,13,1,73
BRDA:128,14,0,107
BRDA:128,14,1,100
BRDA:128,14,2,100
BRDA:148,15,0,4
BRDA:148,15,1,4
BRDA:148,16,0,8
BRDA:148,16,1,6
BRDA:153,17,0,2
BRDA:153,17,1,2
BRDA:169,18,0,6
BRDA:169,18,1,9
BRDA:172,19,0,2
BRDA:172,19,1,4
BRDA:174,20,0,2
BRDA:174,20,1,2
BRDA:175,21,0,2
BRDA:175,21,1,2
BRDA:189,22,0,1
BRDA:189,22,1,14
BRDA:195,23,0,7
BRDA:195,23,1,8
BRDA:195,24,0,15
BRDA:195,24,1,12
BRDA:200,25,0,10
BRDA:200,25,1,5
BRDA:202,26,0,13
BRDA:202,26,1,2
BRDA:202,27,0,15
BRDA:202,27,1,13
BRDA:203,28,0,13
BRDA:203,28,1,10
BRDA:216,29,0,1
BRDA:216,29,1,0
BRDA:241,30,0,1
BRDA:241,30,1,3
BRDA:246,31,0,1
BRDA:246,31,1,5
BRDA:255,32,0,5
BRDA:255,32,1,4
BRF:72
BRH:71
end_of_record
TN:
SF:dist/lib/logger.js
FNF:0
FNH:0
DA:2,42
DA:3,42
DA:4,42
DA:5,42
DA:6,42
DA:7,42
DA:8,42
DA:10,42
DA:11,1
DA:13,42
DA:14,4
DA:16,42
DA:17,6
DA:19,42
DA:20,7
DA:22,42
DA:23,8
DA:26,42
LF:18
LH:18
BRDA:10,0,0,1
BRDA:10,0,1,41
BRDA:13,1,0,4
BRDA:13,1,1,38
BRDA:16,2,0,6
BRDA:16,2,1,36
BRDA:19,3,0,7
BRDA:19,3,1,35
BRDA:22,4,0,8
BRDA:22,4,1,34
BRF:10
BRH:10
end_of_record
TN:
SF:dist/lib/querystring.js
FN:14,(anonymous_0)
FN:16,(anonymous_1)
FNF:2
FNH:0
FNDA:0,(anonymous_0)
FNDA:0,(anonymous_1)
DA:3,1
DA:14,1
DA:15,0
DA:17,0
DA:23,1
LF:5
LH:3
BRDA:17,0,0,0
BRDA:17,0,1,0
BRF:2
BRH:0
end_of_record
TN:
SF:dist/lib/request-wrapper.js
FN:3,(anonymous_0)
FN:4,(anonymous_1)
FN:14,(anonymous_2)
FN:15,adopt
FN:15,(anonymous_4)
FN:16,(anonymous_5)
FN:17,fulfilled
FN:18,rejected
FN:19,step
FN:23,(anonymous_9)
FN:24,(anonymous_10)
FN:25,(anonymous_11)
FN:26,verb
FN:26,(anonymous_13)
FN:27,step
FN:77,(anonymous_15)
FN:78,RequestWrapper
FN:128,(anonymous_17)
FN:137,(anonymous_18)
FN:147,(anonymous_19)
FN:156,(anonymous_20)
FN:178,(anonymous_21)
FN:179,(anonymous_22)
FN:182,(anonymous_23)
FN:191,(anonymous_24)
FN:195,(anonymous_25)
FN:196,(anonymous_26)
FN:221,(anonymous_27)
FN:257,(anonymous_28)
FN:259,(anonymous_29)
FN:273,(anonymous_30)
FN:287,(anonymous_31)
FN:345,(anonymous_32)
FN:346,(anonymous_33)
FN:348,(anonymous_34)
FN:405,parsePath
FN:409,(anonymous_36)
FN:420,isAuthenticationError
FN:437,isSelfSignedCertificateError
FN:455,hasStringProperty
FN:466,parseServiceErrorMessage
FNF:41
FNH:32
FNDA:1,(anonymous_0)
FNDA:0,(anonymous_1)
FNDA:22,(anonymous_2)
FNDA:2,adopt
FNDA:0,(anonymous_4)
FNDA:22,(anonymous_5)
FNDA:2,fulfilled
FNDA:0,rejected
FNDA:23,step
FNDA:22,(anonymous_9)
FNDA:3,(anonymous_10)
FNDA:0,(anonymous_11)
FNDA:66,verb
FNDA:24,(anonymous_13)
FNDA:24,step
FNDA:18,(anonymous_15)
FNDA:84,RequestWrapper
FNDA:0,(anonymous_17)
FNDA:0,(anonymous_18)
FNDA:0,(anonymous_19)
FNDA:0,(anonymous_20)
FNDA:10,(anonymous_21)
FNDA:10,(anonymous_22)
FNDA:19,(anonymous_23)
FNDA:6,(anonymous_24)
FNDA:7,(anonymous_25)
FNDA:6,(anonymous_26)
FNDA:6,(anonymous_27)
FNDA:4,(anonymous_28)
FNDA:9,(anonymous_29)
FNDA:0,(anonymous_30)
FNDA:13,(anonymous_31)
FNDA:12,(anonymous_32)
FNDA:12,(anonymous_33)
FNDA:31,(anonymous_34)
FNDA:10,parsePath
FNDA:6,(anonymous_36)
FNDA:9,isAuthenticationError
FNDA:3,isSelfSignedCertificateError
FNDA:25,hasStringProperty
FNDA:9,parseServiceErrorMessage
DA:3,18
DA:4,1
DA:5,0
DA:6,0
DA:7,0
DA:8,0
DA:10,0
DA:12,1
DA:14,18
DA:15,2
DA:16,22
DA:17,2
DA:18,0
DA:19,23
DA:20,22
DA:23,18
DA:24,22
DA:25,22
DA:26,66
DA:28,24
DA:29,83
DA:30,83
DA:31,83
DA:32,83
DA:33,24
DA:34,2
DA:35,0
DA:36,0
DA:38,57
DA:39,35
DA:40,10
DA:41,9
DA:42,9
DA:43,9
DA:45,50
DA:46,83
DA:47,22
DA:50,18
DA:66,18
DA:67,18
DA:68,18
DA:69,18
DA:70,18
DA:71,18
DA:72,18
DA:73,18
DA:74,18
DA:75,18
DA:76,18
DA:77,18
DA:79,84
DA:80,84
DA:85,84
DA:101,84
DA:104,84
DA:106,25
DA:108,1
DA:109,1
DA:114,24
DA:119,84
DA:121,84
DA:122,3
DA:123,3
DA:124,3
DA:127,84
DA:128,7
DA:129,0
DA:130,0
DA:131,0
DA:134,0
DA:136,0
DA:138,0
DA:139,0
DA:140,0
DA:143,0
DA:145,0
DA:147,7
DA:148,0
DA:149,0
DA:150,0
DA:153,0
DA:155,0
DA:157,0
DA:158,0
DA:159,0
DA:162,0
DA:164,0
DA:178,18
DA:179,10
DA:181,10
DA:182,10
DA:183,19
DA:185,10
DA:186,10
DA:187,10
DA:188,10
DA:190,10
DA:191,1
DA:192,6
DA:194,6
DA:195,7
DA:198,6
DA:200,1
DA:202,5
DA:203,1
DA:204,1
DA:207,4
DA:208,1
DA:210,4
DA:216,10
DA:218,10
DA:220,10
DA:221,4
DA:222,6
DA:223,1
DA:228,10
DA:229,6
DA:231,10
DA:232,9
DA:233,9
DA:234,1
DA:235,1
DA:237,9
DA:238,1
DA:240,1
DA:243,9
DA:244,9
DA:245,1
DA:247,1
DA:248,1
DA:250,9
DA:257,4
DA:259,9
DA:261,9
DA:262,0
DA:266,9
DA:267,9
DA:269,9
DA:270,9
DA:272,9
DA:275,0
DA:287,18
DA:290,13
DA:293,13
DA:294,9
DA:297,9
DA:298,9
DA:299,9
DA:300,9
DA:301,9
DA:302,9
DA:303,9
DA:306,9
DA:307,9
DA:309,9
DA:313,1
DA:314,1
DA:315,1
DA:317,9
DA:319,9
DA:321,9
DA:322,3
DA:325,4
DA:329,3
DA:330,3
DA:331,3
DA:333,3
DA:334,2
DA:341,1
DA:343,13
DA:345,18
DA:346,12
DA:348,12
DA:349,31
DA:351,12
DA:352,12
DA:353,3
DA:355,9
DA:357,9
DA:358,9
DA:359,1
DA:360,1
DA:362,1
DA:363,1
DA:365,8
DA:367,5
DA:370,3
DA:372,7
DA:373,8
DA:375,1
DA:376,1
DA:377,1
DA:378,1
DA:380,8
DA:381,8
DA:383,6
DA:388,2
DA:389,2
DA:391,8
DA:396,18
DA:398,18
DA:406,10
DA:407,7
DA:409,3
DA:410,6
DA:411,6
DA:421,9
DA:422,9
DA:423,9
DA:425,9
DA:426,9
DA:427,3
DA:429,9
DA:438,3
DA:439,3
DA:440,3
DA:441,3
DA:442,3
DA:443,3
DA:444,2
DA:446,3
DA:456,25
DA:468,9
DA:471,1
DA:473,8
DA:474,1
DA:476,7
DA:477,1
DA:479,6
DA:480,1
DA:482,9
DA:483,9
LF:232
LH:202
BRDA:3,0,0,18
BRDA:3,0,1,18
BRDA:3,0,2,18
BRDA:4,1,0,1
BRDA:4,1,1,0
BRDA:7,2,0,0
BRDA:7,2,1,0
BRDA:14,3,0,18
BRDA:14,3,1,18
BRDA:14,3,2,18
BRDA:15,4,0,2
BRDA:15,4,1,0
BRDA:16,5,0,22
BRDA:16,5,1,22
BRDA:19,6,0,21
BRDA:19,6,1,2
BRDA:20,7,0,22
BRDA:20,7,1,22
BRDA:23,8,0,18
BRDA:23,8,1,18
BRDA:23,8,2,18
BRDA:24,9,0,0
BRDA:24,9,1,3
BRDA:25,10,0,22
BRDA:25,10,1,22
BRDA:28,11,0,0
BRDA:28,11,1,24
BRDA:30,12,0,0
BRDA:30,12,1,83
BRDA:30,13,0,83
BRDA:30,13,1,0
BRDA:30,13,2,0
BRDA:30,14,0,0
BRDA:30,14,1,0
BRDA:30,15,0,0
BRDA:30,15,1,0
BRDA:30,16,0,0
BRDA:30,16,1,0
BRDA:30,17,0,0
BRDA:30,17,1,0
BRDA:31,18,0,0
BRDA:31,18,1,83
BRDA:32,19,0,24
BRDA:32,19,1,24
BRDA:32,19,2,2
BRDA:32,19,3,0
BRDA:32,19,4,0
BRDA:32,19,5,57
BRDA:38,20,0,22
BRDA:38,20,1,35
BRDA:38,21,0,57
BRDA:38,21,1,38
BRDA:38,21,2,37
BRDA:38,22,0,57
BRDA:38,22,1,19
BRDA:39,23,0,25
BRDA:39,23,1,10
BRDA:39,24,0,35
BRDA:39,24,1,33
BRDA:39,24,2,17
BRDA:39,24,3,17
BRDA:40,25,0,1
BRDA:40,25,1,9
BRDA:40,26,0,10
BRDA:40,26,1,1
BRDA:41,27,0,0
BRDA:41,27,1,9
BRDA:41,28,0,9
BRDA:41,28,1,9
BRDA:42,29,0,0
BRDA:42,29,1,9
BRDA:47,30,0,1
BRDA:47,30,1,21
BRDA:47,31,0,21
BRDA:47,31,1,0
BRDA:79,32,0,84
BRDA:79,32,1,4
BRDA:104,33,0,25
BRDA:104,33,1,59
BRDA:106,34,0,1
BRDA:106,34,1,24
BRDA:108,35,0,1
BRDA:108,35,1,0
BRDA:121,36,0,3
BRDA:121,36,1,81
BRDA:127,37,0,7
BRDA:127,37,1,77
BRDA:127,38,0,84
BRDA:127,38,1,77
BRDA:183,39,0,10
BRDA:183,39,1,1
BRDA:183,39,2,9
BRDA:190,40,0,1
BRDA:190,40,1,9
BRDA:192,41,0,1
BRDA:192,41,1,5
BRDA:195,42,0,7
BRDA:195,42,1,6
BRDA:198,43,0,1
BRDA:198,43,1,5
BRDA:198,44,0,6
BRDA:198,44,1,1
BRDA:202,45,0,1
BRDA:202,45,1,4
BRDA:207,46,0,1
BRDA:207,46,1,3
BRDA:207,47,0,4
BRDA:207,47,1,2
BRDA:220,48,0,4
BRDA:220,48,1,6
BRDA:220,49,0,10
BRDA:220,49,1,10
BRDA:222,50,0,1
BRDA:222,50,1,5
BRDA:228,51,0,6
BRDA:228,51,1,4
BRDA:228,52,0,10
BRDA:228,52,1,9
BRDA:233,53,0,1
BRDA:233,53,1,8
BRDA:237,54,0,1
BRDA:237,54,1,8
BRDA:243,55,0,9
BRDA:243,55,1,8
BRDA:244,56,0,8
BRDA:244,56,1,1
BRDA:256,57,0,9
BRDA:256,57,1,4
BRDA:261,58,0,0
BRDA:261,58,1,9
BRDA:293,59,0,9
BRDA:293,59,1,4
BRDA:303,60,0,9
BRDA:303,60,1,5
BRDA:321,61,0,3
BRDA:321,61,1,6
BRDA:325,62,0,3
BRDA:325,62,1,1
BRDA:333,63,0,2
BRDA:333,63,1,1
BRDA:349,64,0,12
BRDA:349,64,1,9
BRDA:349,64,2,1
BRDA:349,64,3,8
BRDA:349,64,4,8
BRDA:349,64,5,1
BRDA:349,64,6,8
BRDA:351,65,0,12
BRDA:351,65,1,2
BRDA:352,66,0,3
BRDA:352,66,1,9
BRDA:352,67,0,12
BRDA:352,67,1,11
BRDA:358,68,0,8
BRDA:358,68,1,1
BRDA:365,69,0,5
BRDA:365,69,1,3
BRDA:365,70,0,8
BRDA:365,70,1,8
BRDA:365,70,2,6
BRDA:406,71,0,7
BRDA:406,71,1,3
BRDA:406,72,0,10
BRDA:406,72,1,9
BRDA:422,73,0,9
BRDA:422,73,1,0
BRDA:423,74,0,9
BRDA:423,74,1,0
BRDA:425,75,0,9
BRDA:425,75,1,1
BRDA:425,75,2,1
BRDA:426,76,0,3
BRDA:426,76,1,6
BRDA:426,77,0,9
BRDA:426,77,1,8
BRDA:426,77,2,7
BRDA:442,78,0,3
BRDA:442,78,1,3
BRDA:443,79,0,2
BRDA:443,79,1,1
BRDA:443,80,0,3
BRDA:443,80,1,2
BRDA:456,81,0,25
BRDA:456,81,1,8
BRDA:468,82,0,1
BRDA:468,82,1,8
BRDA:468,83,0,9
BRDA:468,83,1,1
BRDA:468,83,2,1
BRDA:473,84,0,1
BRDA:473,84,1,7
BRDA:476,85,0,1
BRDA:476,85,1,6
BRDA:479,86,0,1
BRDA:479,86,1,5
BRF:195
BRH:168
end_of_record
TN:
SF:dist/lib/sdk-test-helpers.js
FN:33,checkUrlAndMethod
FN:48,checkMediaHeaders
FN:64,checkUserHeader
FN:76,checkForSuccessfulExecution
FN:89,getOptions
FN:100,expectToBePromise
FNF:6
FNH:0
FNDA:0,checkUrlAndMethod
FNDA:0,checkMediaHeaders
FNDA:0,checkUserHeader
FNDA:0,checkForSuccessfulExecution
FNDA:0,getOptions
FNDA:0,expectToBePromise
DA:17,1
DA:18,1
DA:34,0
DA:35,0
DA:37,1
DA:49,0
DA:50,0
DA:51,0
DA:53,1
DA:65,0
DA:66,0
DA:68,1
DA:77,0
DA:78,0
DA:80,1
DA:90,0
DA:92,1
DA:101,0
DA:103,1
LF:19
LH:8
BRF:0
BRH:0
end_of_record
TN:
SF:dist/lib/stream-to-promise.js
FN:10,streamToPromise
FN:12,(anonymous_1)
FN:15,(anonymous_2)
FN:18,(anonymous_3)
FNF:4
FNH:4
FNDA:3,streamToPromise
FNDA:3,(anonymous_1)
FNDA:3,(anonymous_2)
FNDA:3,(anonymous_3)
DA:2,19
DA:11,3
DA:12,3
DA:13,3
DA:14,3
DA:16,3
DA:19,3
DA:24,19
LF:8
LH:8
BRDA:11,0,0,3
BRDA:11,0,1,0
BRDA:19,1,0,1
BRDA:19,1,1,2
BRF:4
BRH:3
end_of_record
